<?xml version="1.0" encoding="utf-8"?><testsuites name="pytest tests"><testsuite name="pytest" errors="0" failures="3" skipped="5" tests="861" time="430.910" timestamp="2026-09-26T23:35:38.140046+08:00" hostname="DESKTOP-MU2RQIU"><testcase classname="" name="tests.test_recall_v2_pg_integration" time="0.000"><skipped message="collection skipped">('C:\\Users\\servi\\workspace\\wt-a01-base\\src\\v3-core\\tests\\test_recall_v2_pg_integration.py', 48, 'Skipped: HIPPOCAMPUS_G6B_TEST_DSN not set — opt-in disposable-PG integration test is skipped in CI')</skipped></testcase><testcase classname="tests.test_a0_explicit_memory_opt_in_contract" name="test_a0_description_contains_opt_in_positive_phrases[schema0-v3_store]" time="0.439" /><testcase classname="tests.test_a0_explicit_memory_opt_in_contract" name="test_a0_description_contains_opt_in_positive_phrases[schema1-v3_add]" time="0.423" /><testcase classname="tests.test_a0_explicit_memory_opt_in_contract" name="test_a0_description_contains_opt_in_positive_phrases[schema2-hm_write]" time="0.418" /><testcase classname="tests.test_a0_explicit_memory_opt_in_contract" name="test_a0_description_contains_opt_in_positive_phrases[schema3-v3_extract]" time="0.444" /><testcase classname="tests.test_a0_explicit_memory_opt_in_contract" name="test_a0_description_contains_opt_in_positive_phrases[schema4-v3_manage]" time="0.422" /><testcase classname="tests.test_a0_explicit_memory_opt_in_contract" name="test_a0_description_contains_negative_authorization_phrases[schema0-v3_store]" time="0.417" /><testcase classname="tests.test_a0_explicit_memory_opt_in_contract" name="test_a0_description_contains_negative_authorization_phrases[schema1-v3_add]" time="0.420" /><testcase classname="tests.test_a0_explicit_memory_opt_in_contract" name="test_a0_description_contains_negative_authorization_phrases[schema2-hm_write]" time="0.420" /><testcase classname="tests.test_a0_explicit_memory_opt_in_contract" name="test_a0_description_contains_negative_authorization_phrases[schema3-v3_extract]" time="0.418" /><testcase classname="tests.test_a0_explicit_memory_opt_in_contract" name="test_a0_description_contains_negative_authorization_phrases[schema4-v3_manage]" time="0.418" /><testcase classname="tests.test_a0_explicit_memory_opt_in_contract" name="test_a0_canonical_card_schemas_name_public_explicit_memories[schema0-v3_store]" time="0.420" /><testcase classname="tests.test_a0_explicit_memory_opt_in_contract" name="test_a0_canonical_card_schemas_name_public_explicit_memories[schema1-v3_add]" time="0.423" /><testcase classname="tests.test_a0_explicit_memory_opt_in_contract" name="test_a0_canonical_card_schemas_name_public_explicit_memories[schema2-hm_write]" time="0.418" /><testcase classname="tests.test_a0_explicit_memory_opt_in_contract" name="test_a0_v3_extract_write_default_is_false_and_described_as_opt_in" time="0.428" /><testcase classname="tests.test_a0_explicit_memory_opt_in_contract" name="test_a0_v3_manage_extract_write_default_is_false" time="0.420" /><testcase classname="tests.test_a0_explicit_memory_opt_in_contract" name="test_a0_v3_extract_description_explicitly_states_write_true_is_durable" time="0.418" /><testcase classname="tests.test_a0_explicit_memory_opt_in_contract" name="test_a0_v3_manage_description_explicitly_delegates_to_v3_extract" time="0.419" /><testcase classname="tests.test_a0_explicit_memory_opt_in_contract" name="test_a0_no_runtime_behavior_change_to_handlers" time="0.422" /><testcase classname="tests.test_a0_explicit_memory_opt_in_contract" name="test_a0_write_flow_contract_section_exists_and_pins_contract" time="0.423" /><testcase classname="tests.test_a0_explicit_memory_opt_in_contract" name="test_a0_v3_workflow_skill_text_pins_opt_in_wording" time="0.419" /><testcase classname="tests.test_active_memory_boundary_contract_red" name="test_C1_store_card_drops_legacy_writer_calls_and_topic_sync" time="0.480" /><testcase classname="tests.test_active_memory_boundary_contract_red" name="test_C1_active_memory_writer_module_and_class_present" time="0.431" /><testcase classname="tests.test_active_memory_boundary_contract_red" name="test_C2_extract_uses_store_none_and_does_not_forward_card_source_id" time="0.482" /><testcase classname="tests.test_active_memory_boundary_contract_red" name="test_C3_recall_pool_uses_active_memory_kind" time="0.419" /><testcase classname="tests.test_active_memory_boundary_contract_red" name="test_C3_recall_pool_active_hits_use_existing_kw_vec_ids" time="0.490" /><testcase classname="tests.test_active_memory_boundary_contract_red" name="test_C4_api_delete_checks_explicit_memory_before_legacy_fallback" time="0.436" /><testcase classname="tests.test_active_memory_boundary_contract_red" name="test_C5_passive_paths_have_no_explicit_memories_dml[observer.py]" time="0.430" /><testcase classname="tests.test_active_memory_boundary_contract_red" name="test_C5_passive_paths_have_no_explicit_memories_dml[e1.py]" time="0.434" /><testcase classname="tests.test_active_memory_boundary_contract_red" name="test_C5_passive_paths_have_no_explicit_memories_dml[topic_store.py]" time="0.429" /><testcase classname="tests.test_active_memory_boundary_contract_red" name="test_C5_passive_paths_have_no_explicit_memories_dml[dedup.py]" time="0.423" /><testcase classname="tests.test_active_memory_clean_boundary_red" name="test_derive_memory_id_canonical_form" time="0.424" /><testcase classname="tests.test_active_memory_clean_boundary_red" name="test_derive_memory_id_tag_order_preserved_distinct_hashes_and_ascii_safe" time="0.414" /><testcase classname="tests.test_active_memory_clean_boundary_red" name="test_writer_reader_and_statuses_present" time="0.414" /><testcase classname="tests.test_alpha_bootstrap_contract.TestAlphaBootstrapSQL" name="test_file_exists" time="0.423" /><testcase classname="tests.test_alpha_bootstrap_contract.TestAlphaBootstrapSQL" name="test_explicit_memories_artifact_exists" time="0.418" /><testcase classname="tests.test_alpha_bootstrap_contract.TestAlphaBootstrapSQL" name="test_pgvector_extension_required" time="0.416" /><testcase classname="tests.test_alpha_bootstrap_contract.TestAlphaBootstrapSQL" name="test_no_destructive_statements" time="0.418" /><testcase classname="tests.test_alpha_bootstrap_contract.TestAlphaBootstrapSQL" name="test_combined_ddl_has_seven_alpha_tables" time="0.439" /><testcase classname="tests.test_alpha_bootstrap_contract.TestAlphaBootstrapSQL" name="test_no_legacy_archived_tables_revived" time="0.437" /><testcase classname="tests.test_alpha_bootstrap_contract.TestAlphaBootstrapSQL" name="test_no_b_or_shou_namespace" time="0.419" /><testcase classname="tests.test_alpha_bootstrap_contract.TestAlphaBootstrapSQL" name="test_includes_explicit_memories_via_marker" time="0.432" /><testcase classname="tests.test_alpha_bootstrap_contract.TestAlphaBootstrapSQL" name="test_required_indexes_present" time="0.482" /><testcase classname="tests.test_alpha_bootstrap_contract.TestAlphaBootstrapSQL" name="test_unique_constraint_status_active" time="0.722" /><testcase classname="tests.test_alpha_bootstrap_contract.TestAlphaBootstrapSQL" name="test_begin_commit_envelopes" time="0.504" /><testcase classname="tests.test_alpha_bootstrap_contract.TestAlphaBootstrapSQL" name="test_qa_pairs_real_ingest_columns" time="0.438" /><testcase classname="tests.test_alpha_bootstrap_contract.TestAlphaBootstrapSQL" name="test_qa_pairs_source_id_unique_constraint" time="0.425" /><testcase classname="tests.test_alpha_bootstrap_contract.TestAlphaBootstrapSQL" name="test_observation_notes_has_embed_model" time="0.424" /><testcase classname="tests.test_alpha_bootstrap_contract.TestAlphaBootstrapSQL" name="test_yin_paragraphs_has_embed_model" time="0.444" /><testcase classname="tests.test_alpha_bootstrap_contract.TestBootstrapScript" name="test_file_exists" time="0.422" /><testcase classname="tests.test_alpha_bootstrap_contract.TestBootstrapScript" name="test_no_hardcoded_passwords" time="0.417" /><testcase classname="tests.test_alpha_bootstrap_contract.TestBootstrapScript" name="test_no_hardcoded_production_dsn" time="0.420" /><testcase classname="tests.test_alpha_bootstrap_contract.TestBootstrapScript" name="test_imports_cleanly" time="0.418" /><testcase classname="tests.test_alpha_bootstrap_contract.TestBootstrapScript" name="test_refuses_empty_dsn" time="0.415" /><testcase classname="tests.test_alpha_bootstrap_contract.TestBootstrapScript" name="test_refuses_production_boundary_by_default" time="0.416" /><testcase classname="tests.test_alpha_bootstrap_contract.TestBootstrapScript" name="test_allows_production_boundary_with_flag" time="0.417" /><testcase classname="tests.test_alpha_bootstrap_contract.TestBootstrapScript" name="test_password_redaction" time="0.419" /><testcase classname="tests.test_alpha_bootstrap_contract.TestBootstrapScript" name="test_password_redaction_uri" time="0.417" /><testcase classname="tests.test_alpha_bootstrap_contract.TestBootstrapScript" name="test_load_alpha_ddl_resolves_include" time="0.420" /><testcase classname="tests.test_alpha_bootstrap_contract.TestBootstrapScript" name="test_load_alpha_ddl_is_idempotent" time="0.426" /><testcase classname="tests.test_alpha_bootstrap_contract.TestBootstrapScript" name="test_check_only_does_not_connect" time="0.429" /><testcase classname="tests.test_alpha_bootstrap_contract.TestBootstrapScript" name="test_missing_dsn_exits_2" time="0.434" /><testcase classname="tests.test_alpha_bootstrap_contract.TestBootstrapScript" name="test_production_dsn_exits_2" time="0.426" /><testcase classname="tests.test_alpha_bootstrap_contract.TestBootstrapScript" name="test_components_with_pgpassword_accepted" time="0.421" /><testcase classname="tests.test_alpha_bootstrap_contract.TestBootstrapScript" name="test_components_production_boundary_refused" time="0.422" /><testcase classname="tests.test_alpha_bootstrap_contract.TestBootstrapScript" name="test_components_production_boundary_allowed_with_flag" time="0.417" /><testcase classname="tests.test_alpha_bootstrap_contract.TestBootstrapScript" name="test_components_incomplete_refused" time="0.418" /><testcase classname="tests.test_alpha_bootstrap_contract.TestBootstrapScript" name="test_components_no_password_no_env_refused" time="0.420" /><testcase classname="tests.test_alpha_bootstrap_contract.TestBootstrapScript" name="test_dsn_literal_unchanged" time="0.413" /><testcase classname="tests.test_alpha_bootstrap_contract.TestBootstrapScript" name="test_password_absent_from_main_output_and_log" time="0.426" /><testcase classname="tests.test_alpha_bootstrap_contract.TestBootstrapPathResolution" name="test_script_dir_uses_module_file" time="0.424" /><testcase classname="tests.test_alpha_bootstrap_contract.TestBootstrapPathResolution" name="test_resolve_repo_root_default_uses_script_dir" time="0.439" /><testcase classname="tests.test_alpha_bootstrap_contract.TestBootstrapPathResolution" name="test_check_only_uses_script_dir_when_cwd_differs" time="0.434" /><testcase classname="tests.test_alpha_bootstrap_contract.TestBootstrapPathResolution" name="test_explicit_repo_root_overrides_script_dir" time="0.435" /><testcase classname="tests.test_alpha_bootstrap_contract.TestBootstrapPathResolution" name="test_invalid_repo_root_fails_closed" time="0.419" /><testcase classname="tests.test_alpha_bootstrap_contract.TestBootstrapPathResolution" name="test_find_repo_root_raises_when_no_marker" time="0.416" /><testcase classname="tests.test_alpha_bootstrap_contract.TestBootstrapPathResolution" name="test_subprocess_cwd_outside_repo_still_finds_adjacent_schema" time="0.705" /><testcase classname="tests.test_alpha_bootstrap_contract.TestBootstrapPathResolution" name="test_subprocess_invalid_repo_root_exits_4" time="0.633" /><testcase classname="tests.test_alpha_bootstrap_contract.TestBootstrapPathResolution" name="test_redacted_output_carries_repo_root_and_includes" time="0.426" /><testcase classname="tests.test_alpha_bootstrap_contract.TestBackupScript" name="test_file_exists" time="0.413" /><testcase classname="tests.test_alpha_bootstrap_contract.TestBackupScript" name="test_no_hardcoded_passwords" time="0.412" /><testcase classname="tests.test_alpha_bootstrap_contract.TestBackupScript" name="test_no_hardcoded_production_dsn" time="0.420" /><testcase classname="tests.test_alpha_bootstrap_contract.TestBackupScript" name="test_uses_pg_dump_pg_restore" time="0.422" /><testcase classname="tests.test_alpha_bootstrap_contract.TestBackupScript" name="test_refuses_source_raw_extras" time="0.412" /><testcase classname="tests.test_alpha_bootstrap_contract.TestBackupScript" name="test_dry_run_does_not_connect" time="0.470" /><testcase classname="tests.test_alpha_bootstrap_contract.TestBackupScript" name="test_dry_run_covers_all_alpha_tables" time="0.472" /><testcase classname="tests.test_alpha_bootstrap_contract.TestBackupScript" name="test_refuses_empty_dsn" time="0.418" /><testcase classname="tests.test_alpha_bootstrap_contract.TestBackupScript" name="test_refuses_production_dsn_by_default" time="0.415" /><testcase classname="tests.test_alpha_bootstrap_contract.TestBackupScript" name="test_allows_production_dsn_with_flag" time="0.467" /><testcase classname="tests.test_backfill_canonical_input" name="test_yin_writer_kind_discriminates_two_writers" time="0.410" /><testcase classname="tests.test_backfill_canonical_input" name="test_yin_writer_kind_requires_both_predicates" time="0.411" /><testcase classname="tests.test_backfill_canonical_input" name="test_case1_writer_a_returns_section_prefix_plus_content_prefix" time="0.413" /><testcase classname="tests.test_backfill_canonical_input" name="test_case2_writer_b_returns_content_slice_without_section_prefix" time="0.415" /><testcase classname="tests.test_backfill_canonical_input" name="test_case3_writer_a_truncates_content_at_1500_chars" time="0.411" /><testcase classname="tests.test_backfill_canonical_input" name="test_case3_writer_b_truncates_content_at_2000_chars" time="0.408" /><testcase classname="tests.test_backfill_canonical_input" name="test_case4_writer_a_short_content_is_kept_whole_after_prefix" time="0.409" /><testcase classname="tests.test_backfill_canonical_input" name="test_case5_observation_notes_still_returns_full_content" time="0.416" /><testcase classname="tests.test_backfill_canonical_input" name="test_case6_conversation_stream_still_returns_2000_char_slice" time="0.415" /><testcase classname="tests.test_backfill_canonical_input" name="test_case7_unknown_table_raises_keyerror" time="0.466" /><testcase classname="tests.test_backfill_canonical_input" name="test_case7b_yin_paragraphs_none_values_do_not_raise" time="0.444" /><testcase classname="tests.test_backfill_canonical_input" name="test_topics_final_text_under_1000_is_returned_unchanged" time="0.419" /><testcase classname="tests.test_backfill_canonical_input" name="test_topics_final_text_exactly_at_boundary" time="0.410" /><testcase classname="tests.test_backfill_canonical_input" name="test_topics_final_text_just_over_boundary" time="0.409" /><testcase classname="tests.test_backfill_canonical_input" name="test_topics_long_card_is_byte_identical_to_live_writer" time="0.416" /><testcase classname="tests.test_backfill_canonical_input" name="test_topics_truncation_applies_to_final_string_not_to_body" time="0.415" /><testcase classname="tests.test_backfill_canonical_input" name="test_topics_keywords_json_string_is_tolerated" time="0.413" /><testcase classname="tests.test_backfill_canonical_input" name="test_topics_none_fields_do_not_raise" time="0.413" /><testcase classname="tests.test_backfill_cli_entrypoint" name="test_help_exits_zero_and_lists_apply" time="0.965" /><testcase classname="tests.test_backfill_cli_entrypoint" name="test_help_never_reports_the_missing_pgstore_symbol" time="0.965" /><testcase classname="tests.test_backfill_cli_entrypoint" name="test_invalid_table_is_rejected_by_argparse" time="0.958" /><testcase classname="tests.test_backfill_cli_entrypoint" name="test_missing_table_argument_is_rejected" time="0.961" /><testcase classname="tests.test_backfill_cli_entrypoint" name="test_no_embed_section_fails_closed" time="0.993" /><testcase classname="tests.test_backfill_cli_entrypoint" name="test_missing_model_fails_closed_and_names_the_key" time="1.011" /><testcase classname="tests.test_backfill_cli_entrypoint" name="test_missing_endpoint_fails_closed_and_names_the_key" time="1.014" /><testcase classname="tests.test_backfill_cli_entrypoint" name="test_config_errors_are_not_disguised_as_disabled" time="1.567" /><testcase classname="tests.test_backfill_cli_entrypoint" name="test_unreachable_postgres_fails_closed_with_rc3" time="3.023" /><testcase classname="tests.test_backfill_cli_entrypoint" name="test_unreachable_postgres_does_not_leak_a_traceback" time="3.072" /><testcase classname="tests.test_backfill_cli_entrypoint" name="test_every_canonical_table_reaches_the_connection_stage[conversation_stream]" time="3.035" /><testcase classname="tests.test_backfill_cli_entrypoint" name="test_every_canonical_table_reaches_the_connection_stage[observation_notes]" time="3.025" /><testcase classname="tests.test_backfill_cli_entrypoint" name="test_every_canonical_table_reaches_the_connection_stage[yin_paragraphs]" time="3.019" /><testcase classname="tests.test_backfill_cli_entrypoint" name="test_every_canonical_table_reaches_the_connection_stage[qa_pairs]" time="3.026" /><testcase classname="tests.test_backfill_cli_entrypoint" name="test_every_canonical_table_reaches_the_connection_stage[topics]" time="3.059" /><testcase classname="tests.test_config_control_plane" name="test_profile_resolution_and_absolute_override" time="0.416" /><testcase classname="tests.test_config_control_plane" name="test_invalid_path_cannot_mutate_fallback" time="0.416" /><testcase classname="tests.test_config_control_plane" name="test_show_and_json_redact_all_secrets_and_safe_endpoint" time="0.418" /><testcase classname="tests.test_config_control_plane" name="test_validate_reports_malformed_and_control_chars_without_secret" time="0.417" /><testcase classname="tests.test_config_control_plane" name="test_secret_normalization_is_strict_and_hidden" time="0.435" /><testcase classname="tests.test_config_control_plane" name="test_atomic_multi_key_preserves_crlf_unknowns_and_failed_input" time="0.680" /><testcase classname="tests.test_config_control_plane" name="test_provider_model_endpoint_and_toggle_updates" time="0.582" /><testcase classname="tests.test_config_control_plane" name="test_cli_failure_exit_codes_and_no_key_option" time="2.212" /><testcase classname="tests.test_config_control_plane" name="test_formal_provider_dispatch_is_explicit_and_safe" time="0.428" /><testcase classname="tests.test_config_control_plane" name="test_main_registration_failure_uses_safe_err_and_nonzero" time="0.437" /><testcase classname="tests.test_config_control_plane" name="test_main_legacy_surface_stays_callable" time="0.417" /><testcase classname="tests.test_config_control_plane" name="test_show_pg_password_status_uses_self_env" time="0.429" /><testcase classname="tests.test_config_control_plane" name="test_resolve_runtime_cfg_overlays_env_and_restores_process" time="0.421" /><testcase classname="tests.test_config_control_plane" name="test_resolve_runtime_cfg_restores_env_on_resolver_failure" time="0.425" /><testcase classname="tests.test_config_control_plane" name="test_resolve_runtime_cfg_env_empty_does_not_inherit_host_pw" time="0.424" /><testcase classname="tests.test_config_control_plane" name="test_resolve_runtime_cfg_does_not_read_user_home" time="0.423" /><testcase classname="tests.test_config_control_plane" name="test_show_known_readiness_tokens_preserved" time="0.451" /><testcase classname="tests.test_config_control_plane" name="test_show_unknown_readiness_token_is_explicit" time="0.428" /><testcase classname="tests.test_config_control_plane" name="test_show_missing_readiness_line_is_explicit" time="0.423" /><testcase classname="tests.test_config_control_plane" name="test_set_keys_embedding_does_not_touch_custom_embed_when_sibling_exists" time="0.430" /><testcase classname="tests.test_config_control_plane" name="test_set_keys_embedding_with_custom_embed_first_in_file" time="0.434" /><testcase classname="tests.test_config_control_plane" name="test_set_provider_rerank_model_does_not_touch_custom_rerank_when_sibling_exists" time="0.433" /><testcase classname="tests.test_config_control_plane" name="test_set_provider_rerank_endpoint_does_not_touch_custom_rerank_endpoint" time="0.429" /><testcase classname="tests.test_config_control_plane" name="test_set_toggle_prefetch_enabled_does_not_touch_custom_enabled_when_sibling_exists" time="0.430" /><testcase classname="tests.test_config_control_plane" name="test_set_toggle_prefetch_enabled_with_prefetch_before_custom" time="0.432" /><testcase classname="tests.test_config_control_plane" name="test_set_keys_with_nested_block_before_and_after_intended_parent" time="0.430" /><testcase classname="tests.test_config_control_plane" name="test_set_keys_when_intended_child_missing_creates_in_correct_parent" time="0.430" /><testcase classname="tests.test_config_control_plane" name="test_secret_exact_parsed_round_trip[with#hash]" time="0.429" /><testcase classname="tests.test_config_control_plane" name="test_secret_exact_parsed_round_trip[with:colon]" time="0.430" /><testcase classname="tests.test_config_control_plane" name="test_secret_exact_parsed_round_trip[with&quot;doublequote]" time="0.433" /><testcase classname="tests.test_config_control_plane" name="test_secret_exact_parsed_round_trip[with'singlequote]" time="0.422" /><testcase classname="tests.test_config_control_plane" name="test_secret_exact_parsed_round_trip[with\\backslash]" time="0.425" /><testcase classname="tests.test_config_control_plane" name="test_secret_exact_parsed_round_trip[key: value]" time="0.427" /><testcase classname="tests.test_config_control_plane" name="test_secret_exact_parsed_round_trip[  leading-space]" time="0.426" /><testcase classname="tests.test_config_control_plane" name="test_secret_exact_parsed_round_trip[trailing-space  ]" time="0.478" /><testcase classname="tests.test_config_control_plane" name="test_secret_yaml_looking_string_round_trips_via_quoting" time="0.439" /><testcase classname="tests.test_config_control_plane" name="test_provider_endpoint_and_model_exact_parsed_equality[embedding-http://new-embed.invalid/v1/embeddings-new-embed]" time="0.430" /><testcase classname="tests.test_config_control_plane" name="test_provider_endpoint_and_model_exact_parsed_equality[rerank-http://new-rerank.invalid/v1/rerank-new-rerank]" time="0.428" /><testcase classname="tests.test_config_control_plane" name="test_provider_endpoint_and_model_exact_parsed_equality[llm-http://new-llm.invalid/v1-new-llm]" time="0.429" /><testcase classname="tests.test_config_control_plane" name="test_multi_target_failure_leaves_original_bytes_unchanged" time="0.417" /><testcase classname="tests.test_config_control_plane" name="test_crlf_comments_and_unknown_fields_preserved_through_mutation" time="0.429" /><testcase classname="tests.test_config_control_plane" name="test_failure_diagnostics_do_not_echo_secret" time="0.419" /><testcase classname="tests.test_config_control_plane" name="test_show_redacts_secret_and_safe_endpoint_when_siblings_exist" time="0.419" /><testcase classname="tests.test_config_control_plane" name="test_semantic_round_trip_mismatch_leaves_source_unchanged" time="0.423" /><testcase classname="tests.test_config_control_plane" name="test_secret_exact_parsed_round_trip_extra[plain-key]" time="0.429" /><testcase classname="tests.test_config_control_plane" name="test_secret_exact_parsed_round_trip_extra[key-with-#]" time="0.427" /><testcase classname="tests.test_config_control_plane" name="test_secret_exact_parsed_round_trip_extra[abc #tail]" time="0.428" /><testcase classname="tests.test_config_control_plane" name="test_secret_exact_parsed_round_trip_extra[key-with-colon]" time="0.434" /><testcase classname="tests.test_config_control_plane" name="test_secret_exact_parsed_round_trip_extra[abc: tail]" time="0.427" /><testcase classname="tests.test_config_control_plane" name="test_secret_exact_parsed_round_trip_extra[has &quot;double&quot; quote]" time="0.447" /><testcase classname="tests.test_config_control_plane" name="test_secret_exact_parsed_round_trip_extra[has \\backslash]" time="0.430" /><testcase classname="tests.test_config_control_plane" name="test_secret_exact_parsed_round_trip_extra[true]" time="0.431" /><testcase classname="tests.test_config_control_plane" name="test_secret_exact_parsed_round_trip_extra[false]" time="0.426" /><testcase classname="tests.test_config_control_plane" name="test_secret_exact_parsed_round_trip_extra[null]" time="0.440" /><testcase classname="tests.test_config_control_plane" name="test_secret_exact_parsed_round_trip_extra[12345]" time="0.431" /><testcase classname="tests.test_config_control_plane" name="test_secret_exact_parsed_round_trip_extra[*alias]" time="0.432" /><testcase classname="tests.test_config_control_plane" name="test_secret_exact_parsed_round_trip_extra[&amp;anchor]" time="0.432" /><testcase classname="tests.test_config_control_plane" name="test_secret_exact_parsed_round_trip_extra[{x}]" time="0.471" /><testcase classname="tests.test_config_control_plane" name="test_secret_exact_parsed_round_trip_extra[[x]]" time="0.440" /><testcase classname="tests.test_config_control_plane" name="test_set_keys_multi_target_exact_round_trip" time="0.456" /><testcase classname="tests.test_config_control_plane" name="test_service_boundary_rejects_forbidden_control_chars[TAB]" time="0.419" /><testcase classname="tests.test_config_control_plane" name="test_service_boundary_rejects_forbidden_control_chars[LF]" time="0.420" /><testcase classname="tests.test_config_control_plane" name="test_service_boundary_rejects_forbidden_control_chars[CR]" time="0.416" /><testcase classname="tests.test_config_control_plane" name="test_service_boundary_rejects_forbidden_control_chars[DEL]" time="0.414" /><testcase classname="tests.test_config_control_plane" name="test_service_boundary_rejects_forbidden_control_chars[U+0016-SYN]" time="0.419" /><testcase classname="tests.test_config_pg_password_env" name="test_env_fills_empty_yaml_password" time="0.420" /><testcase classname="tests.test_config_pg_password_env" name="test_env_overrides_configured_password" time="0.421" /><testcase classname="tests.test_config_pg_password_env" name="test_yaml_password_used_when_env_absent" time="0.417" /><testcase classname="tests.test_config_pg_password_env" name="test_absent_env_empty_yaml_raises" time="0.447" /><testcase classname="tests.test_config_pg_password_env" name="test_empty_env_empty_yaml_raises" time="0.421" /><testcase classname="tests.test_config_pg_password_env" name="test_no_secret_in_error_message" time="0.424" /><testcase classname="tests.test_config_pg_password_env" name="test_no_secret_in_log_output" time="0.423" /><testcase classname="tests.test_config_pg_password_env" name="test_no_secret_on_empty_env_with_yaml_password" time="0.417" /><testcase classname="tests.test_config_pg_password_env" name="test_helper_no_op_when_env_absent" time="0.415" /><testcase classname="tests.test_config_pg_password_env" name="test_helper_no_op_when_env_empty" time="0.415" /><testcase classname="tests.test_config_pg_password_env" name="test_helper_fills_empty_password" time="0.413" /><testcase classname="tests.test_config_pg_password_env" name="test_helper_overrides_existing_password" time="0.415" /><testcase classname="tests.test_config_pg_password_env" name="test_helper_handles_missing_storage_and_pg_blocks" time="0.424" /><testcase classname="tests.test_config_pg_password_env" name="test_legacy_load_applies_env_before_resolve" time="0.417" /><testcase classname="tests.test_config_pg_password_env" name="test_legacy_env_placeholder_still_works" time="0.414" /><testcase classname="tests.test_config_pg_password_env" name="test_profile_scoped_env_is_loaded_for_referenced_secrets" time="0.414" /><testcase classname="tests.test_distribution_packaging" name="test_doctor_static_reports_ok_and_no_secrets" time="0.473" /><testcase classname="tests.test_distribution_packaging" name="test_doctor_static_secret_redaction_unit" time="0.414" /><testcase classname="tests.test_distribution_packaging" name="test_bootstrap_aborts_without_target" time="0.440" /><testcase classname="tests.test_distribution_packaging" name="test_bootstrap_refuses_production_boundary_by_default" time="0.433" /><testcase classname="tests.test_distribution_packaging" name="test_bootstrap_accepts_explicit_target_without_network" time="0.435" /><testcase classname="tests.test_distribution_packaging" name="test_packaged_sql_resources_present_and_well_formed" time="0.413" /><testcase classname="tests.test_distribution_packaging" name="test_alpha_bootstrap_expands_packaged_include_marker" time="0.413" /><testcase classname="tests.test_distribution_packaging" name="test_packaged_sql_byte_identical_to_repo_schema" time="0.415" /><testcase classname="tests.test_distribution_packaging" name="test_plugin_yaml_packaged_byte_identical_when_both_exist" time="0.420"><skipped type="pytest.skip" message="current Hermes host is not installed for source-only test">C:\Users\servi\workspace\wt-a01-base\src\v3-core\tests\test_distribution_packaging.py:315: current Hermes host is not installed for source-only test</skipped></testcase><testcase classname="tests.test_distribution_packaging" name="test_packaged_plugin_yaml_sha256_matches_repo_copy" time="0.416"><skipped type="pytest.skip" message="v3hermes plugin.yaml not packaged in this environment">C:\Users\servi\workspace\wt-a01-base\src\v3-core\tests\test_distribution_packaging.py:334: v3hermes plugin.yaml not packaged in this environment</skipped></testcase><testcase classname="tests.test_distribution_packaging" name="test_v3_hermes_plugin_pyproject_declares_entry_point_and_pin" time="0.411" /><testcase classname="tests.test_distribution_packaging" name="test_v3_core_pyproject_declares_hippocampus_console_and_v3_core_pin" time="0.414" /><testcase classname="tests.test_distribution_packaging" name="test_v3_core_pyproject_metadata_block_is_well_formed" time="0.417" /><testcase classname="tests.test_distribution_packaging" name="test_v3_hermes_plugin_pyproject_metadata_block_is_well_formed" time="0.411" /><testcase classname="tests.test_distribution_packaging" name="test_distribution_cli_help_smoke" time="0.442" /><testcase classname="tests.test_doctor_full_contract" name="test_check_ids_match_frozen_contract" time="0.414" /><testcase classname="tests.test_doctor_full_contract" name="test_run_full_checks_no_dsn_never_raises" time="0.436" /><testcase classname="tests.test_doctor_full_contract" name="test_run_full_checks_unreachable_dsn_marks_db_reachable_as_fail" time="0.422" /><testcase classname="tests.test_doctor_full_contract" name="test_run_full_checks_auth_checks_skip_when_no_key" time="0.424" /><testcase classname="tests.test_doctor_full_contract" name="test_run_full_checks_write_is_skip_when_not_allowed" time="0.428" /><testcase classname="tests.test_doctor_full_contract" name="test_auth_check_classifies_status_codes[401-fail]" time="0.431" /><testcase classname="tests.test_doctor_full_contract" name="test_auth_check_classifies_status_codes[402-fail]" time="0.437" /><testcase classname="tests.test_doctor_full_contract" name="test_auth_check_classifies_status_codes[429-warn]" time="0.429" /><testcase classname="tests.test_doctor_full_contract" name="test_auth_check_classifies_status_codes[500-warn]" time="0.426" /><testcase classname="tests.test_doctor_full_contract" name="test_auth_check_classifies_status_codes[503-warn]" time="0.422" /><testcase classname="tests.test_doctor_full_contract" name="test_auth_check_classifies_status_codes[200-ok]" time="0.422" /><testcase classname="tests.test_doctor_full_contract" name="test_cli_prints_json_and_returns_exit_code" time="0.433" /><testcase classname="tests.test_doctor_full_contract" name="test_cli_returns_zero_when_no_fails_or_warns" time="0.430" /><testcase classname="tests.test_doctor_full_contract" name="test_run_full_checks_does_not_raise_on_any_probe_failure" time="0.422" /><testcase classname="tests.test_e1_generated_context_contract" name="test_A1_incident_payload_is_rejected_by_the_validator" time="0.411" /><testcase classname="tests.test_e1_generated_context_contract" name="test_A2_incident_payload_is_rejected_by_every_rule_family" time="0.414" /><testcase classname="tests.test_e1_generated_context_contract" name="test_A3_write_path_does_not_write_a_rejected_candidate" time="0.428" /><testcase classname="tests.test_e1_generated_context_contract" name="test_A4_write_path_leaves_a_previous_valid_file_untouched" time="0.427" /><testcase classname="tests.test_e1_generated_context_contract" name="test_A5_reader_returns_empty_when_no_valid_file_exists" time="0.412" /><testcase classname="tests.test_e1_generated_context_contract" name="test_A6_reader_refuses_a_contaminated_file_already_on_disk" time="0.417" /><testcase classname="tests.test_e1_generated_context_contract" name="test_B_marker_families_are_rejected[&lt;|im_start|&gt;]" time="0.419" /><testcase classname="tests.test_e1_generated_context_contract" name="test_B_marker_families_are_rejected[&lt;|end|&gt;]" time="0.413" /><testcase classname="tests.test_e1_generated_context_contract" name="test_B_marker_families_are_rejected[&lt;|assistant|&gt;]" time="0.412" /><testcase classname="tests.test_e1_generated_context_contract" name="test_B_marker_families_are_rejected[[INST]]" time="0.421" /><testcase classname="tests.test_e1_generated_context_contract" name="test_B_marker_families_are_rejected[[/INST]]" time="0.423" /><testcase classname="tests.test_e1_generated_context_contract" name="test_B_marker_families_are_rejected[&lt;&lt;SYS&gt;&gt;]" time="0.416" /><testcase classname="tests.test_e1_generated_context_contract" name="test_B_marker_families_are_rejected[&lt;&lt;/SYS&gt;&gt;]" time="0.413" /><testcase classname="tests.test_e1_generated_context_contract" name="test_B_marker_families_are_rejected[]&lt;]minimax[&gt;[]" time="0.422" /><testcase classname="tests.test_e1_generated_context_contract" name="test_B_marker_families_are_rejected[]&lt;]someotherprovider[&gt;[]" time="0.417" /><testcase classname="tests.test_e1_generated_context_contract" name="test_B_marker_families_are_rejected[]&lt;]yet_another_vendor[&gt;[]" time="0.415" /><testcase classname="tests.test_e1_generated_context_contract" name="test_B_novel_marker_is_not_in_any_literal_list" time="0.416" /><testcase classname="tests.test_e1_generated_context_contract" name="test_C_role_continuation_is_rejected[assistant]" time="0.416" /><testcase classname="tests.test_e1_generated_context_contract" name="test_C_role_continuation_is_rejected[user]" time="0.421" /><testcase classname="tests.test_e1_generated_context_contract" name="test_C_role_continuation_is_rejected[system]" time="0.409" /><testcase classname="tests.test_e1_generated_context_contract" name="test_C_role_continuation_is_rejected[tool]" time="0.414" /><testcase classname="tests.test_e1_generated_context_contract" name="test_C_role_continuation_must_be_at_line_start" time="0.414" /><testcase classname="tests.test_e1_generated_context_contract" name="test_D_oversized_output_is_rejected_by_the_ceiling" time="0.443" /><testcase classname="tests.test_e1_generated_context_contract" name="test_D_ceiling_clears_legitimate_output_and_the_artifact_is_caught_structurally" time="0.423" /><testcase classname="tests.test_e1_generated_context_contract" name="test_D_observed_legitimate_maximum_is_accepted" time="0.411" /><testcase classname="tests.test_e1_generated_context_contract" name="test_D_four_byte_flood_is_caught_by_the_byte_ceiling" time="0.415" /><testcase classname="tests.test_e1_generated_context_contract" name="test_E_fourth_unexpected_heading_is_rejected" time="0.415" /><testcase classname="tests.test_e1_generated_context_contract" name="test_F_content_before_first_required_heading_is_rejected" time="0.415" /><testcase classname="tests.test_e1_generated_context_contract" name="test_G_repeated_required_heading_is_rejected" time="0.416" /><testcase classname="tests.test_e1_generated_context_contract" name="test_H_sections_out_of_order_are_rejected" time="0.416" /><testcase classname="tests.test_e1_generated_context_contract" name="test_H_missing_section_is_rejected" time="0.528" /><testcase classname="tests.test_e1_generated_context_contract" name="test_empty_and_non_string_are_rejected" time="0.589" /><testcase classname="tests.test_e1_generated_context_contract" name="test_I_a_valid_summary_is_accepted" time="0.471" /><testcase classname="tests.test_e1_generated_context_contract" name="test_I_a_valid_summary_survives_a_write_then_read_round_trip" time="0.449" /><testcase classname="tests.test_e1_generated_context_contract" name="test_I_short_but_complete_summary_is_accepted" time="0.433" /><testcase classname="tests.test_e1_generated_context_contract" name="test_J_legitimate_prose_with_role_words_is_accepted" time="0.418" /><testcase classname="tests.test_e1_generated_context_contract" name="test_J_legitimate_question_in_todos_is_accepted" time="0.427" /><testcase classname="tests.test_e1_generated_context_contract" name="test_J_second_person_question_after_the_last_section_is_rejected" time="0.452" /><testcase classname="tests.test_e1_generated_context_contract" name="test_K_newer_but_invalid_file_must_not_serve_the_older_cached_block" time="0.422" /><testcase classname="tests.test_e1_generated_context_contract" name="test_K_unchanged_valid_file_is_served_from_cache" time="0.414" /><testcase classname="tests.test_e1_generated_context_contract" name="test_K_cache_never_holds_a_value_that_fails_the_validator" time="0.422" /><testcase classname="tests.test_e1_generated_context_contract" name="test_K_read_exception_does_not_unconditionally_serve_the_cache" time="0.418" /><testcase classname="tests.test_e1_generated_context_contract" name="test_K_read_exception_may_serve_a_valid_cache" time="0.418" /><testcase classname="tests.test_e1_generated_context_contract" name="test_L_missing_file_returns_empty_and_does_not_populate_the_cache" time="0.414" /><testcase classname="tests.test_e1_generated_context_contract" name="test_L_missing_file_does_not_create_anything" time="0.421" /><testcase classname="tests.test_e1_generated_context_contract" name="test_L_whitespace_only_file_returns_empty" time="0.418" /><testcase classname="tests.test_e1_generated_context_contract" name="test_M_e1_write_path_calls_the_shared_validator" time="0.445" /><testcase classname="tests.test_e1_generated_context_contract" name="test_M_no_truncation_of_the_rejected_candidate" time="0.420" /><testcase classname="tests.test_e1_generated_context_contract" name="test_M_read_path_calls_the_shared_validator" time="0.508" /><testcase classname="tests.test_e1_generated_context_contract" name="test_M_no_duplicate_validator_implementation" time="0.445" /><testcase classname="tests.test_e1_identity_block_boundary" name="test_A1_production_shaped_identity_block_is_accepted" time="0.414" /><testcase classname="tests.test_e1_identity_block_boundary" name="test_A2_short_identity_block_is_accepted_no_lower_bound" time="0.419" /><testcase classname="tests.test_e1_identity_block_boundary" name="test_A3_contract_window_is_not_a_rejection_boundary" time="0.422" /><testcase classname="tests.test_e1_identity_block_boundary" name="test_A4_bare_latin_self_description_is_accepted" time="0.415" /><testcase classname="tests.test_e1_identity_block_boundary" name="test_A5_empty_and_non_string_are_rejected" time="0.417" /><testcase classname="tests.test_e1_identity_block_boundary" name="test_B1_minimax_provider_marker_is_rejected" time="0.420" /><testcase classname="tests.test_e1_identity_block_boundary" name="test_B2_marker_families_are_rejected_by_shape[&lt;|im_start|&gt;]" time="0.419" /><testcase classname="tests.test_e1_identity_block_boundary" name="test_B2_marker_families_are_rejected_by_shape[&lt;|assistant|&gt;]" time="0.417" /><testcase classname="tests.test_e1_identity_block_boundary" name="test_B2_marker_families_are_rejected_by_shape[[INST]]" time="0.419" /><testcase classname="tests.test_e1_identity_block_boundary" name="test_B2_marker_families_are_rejected_by_shape[&lt;&lt;SYS&gt;&gt;]" time="0.431" /><testcase classname="tests.test_e1_identity_block_boundary" name="test_B2_marker_families_are_rejected_by_shape[]&lt;]minimax[&gt;[]" time="0.430" /><testcase classname="tests.test_e1_identity_block_boundary" name="test_B2_marker_families_are_rejected_by_shape[]&lt;]someotherprovider[&gt;[]" time="0.426" /><testcase classname="tests.test_e1_identity_block_boundary" name="test_B3_novel_marker_is_not_hardcoded" time="0.422" /><testcase classname="tests.test_e1_identity_block_boundary" name="test_B4_role_continuation_is_rejected" time="0.421" /><testcase classname="tests.test_e1_identity_block_boundary" name="test_B5_role_lines_are_rejected[assistant]" time="0.487" /><testcase classname="tests.test_e1_identity_block_boundary" name="test_B5_role_lines_are_rejected[user]" time="0.426" /><testcase classname="tests.test_e1_identity_block_boundary" name="test_B5_role_lines_are_rejected[system]" time="0.420" /><testcase classname="tests.test_e1_identity_block_boundary" name="test_B5_role_lines_are_rejected[tool]" time="0.423" /><testcase classname="tests.test_e1_identity_block_boundary" name="test_B6_model_self_declaration_is_rejected" time="0.426" /><testcase classname="tests.test_e1_identity_block_boundary" name="test_B7_greeting_self_introduction_is_rejected" time="0.420" /><testcase classname="tests.test_e1_identity_block_boundary" name="test_B8_role_words_inside_prose_do_not_trip_the_parser" time="0.424" /><testcase classname="tests.test_e1_identity_block_boundary" name="test_B9_oversized_output_is_rejected_by_the_ceiling" time="0.425" /><testcase classname="tests.test_e1_identity_block_boundary" name="test_B10_byte_ceiling_catches_a_four_byte_flood" time="0.423" /><testcase classname="tests.test_e1_identity_block_boundary" name="test_B11_confirmation_request_is_rejected" time="0.422" /><testcase classname="tests.test_e1_identity_block_boundary" name="test_B12_assistant_wrapup_meta_talk_is_rejected" time="0.423" /><testcase classname="tests.test_e1_identity_block_boundary" name="test_B13_reader_facing_second_person_question_is_rejected" time="0.422" /><testcase classname="tests.test_e1_identity_block_boundary" name="test_B14_self_as_ai_phrasing_is_not_over_rejected" time="0.423" /><testcase classname="tests.test_e1_identity_block_boundary" name="test_C1_identity_call_carries_the_bounded_cap" time="0.432" /><testcase classname="tests.test_e1_identity_block_boundary" name="test_C2_the_cap_is_commensurate_with_real_legit_output" time="0.425" /><testcase classname="tests.test_e1_identity_block_boundary" name="test_D1_rejected_candidate_writes_nothing" time="0.436" /><testcase classname="tests.test_e1_identity_block_boundary" name="test_D2_writer_rejection_preserves_the_previous_file[template_marker]" time="0.429" /><testcase classname="tests.test_e1_identity_block_boundary" name="test_D2_writer_rejection_preserves_the_previous_file[role_continuation]" time="0.442" /><testcase classname="tests.test_e1_identity_block_boundary" name="test_D2_writer_rejection_preserves_the_previous_file[model_self_declaration]" time="0.431" /><testcase classname="tests.test_e1_identity_block_boundary" name="test_D2_writer_rejection_preserves_the_previous_file[confirmation_talk]" time="0.433" /><testcase classname="tests.test_e1_identity_block_boundary" name="test_D2_writer_rejection_preserves_the_previous_file[oversized]" time="0.430" /><testcase classname="tests.test_e1_identity_block_boundary" name="test_D3_valid_candidate_survives_a_write_then_read_round_trip" time="0.426" /><testcase classname="tests.test_e1_identity_block_boundary" name="test_E1_reader_returns_empty_for_a_contaminated_file" time="0.425" /><testcase classname="tests.test_e1_identity_block_boundary" name="test_E2_rejected_read_is_not_injected_by_the_injector" time="0.470" /><testcase classname="tests.test_e1_identity_block_boundary" name="test_E3_missing_file_returns_empty" time="0.425" /><testcase classname="tests.test_e1_identity_block_boundary" name="test_E4_whitespace_only_file_returns_empty" time="0.421" /><testcase classname="tests.test_e1_identity_block_boundary" name="test_E5_unchanged_valid_file_is_served_from_cache" time="0.422" /><testcase classname="tests.test_e1_identity_block_boundary" name="test_E6_newer_but_invalid_file_must_not_serve_the_older_cached_block" time="0.424" /><testcase classname="tests.test_e1_identity_block_boundary" name="test_E7_cache_never_holds_a_value_that_fails_the_validator" time="0.441" /><testcase classname="tests.test_e1_identity_block_boundary" name="test_E8_read_exception_does_not_serve_an_invalid_cache" time="0.431" /><testcase classname="tests.test_e1_identity_block_boundary" name="test_E9_read_exception_may_serve_a_valid_cache" time="0.423" /><testcase classname="tests.test_e1_identity_block_boundary" name="test_F1_legacy_fallback_is_served_only_after_passing_the_validator" time="0.421" /><testcase classname="tests.test_e1_identity_block_boundary" name="test_F2_legacy_fallback_is_rejected_when_it_cannot_pass" time="0.417" /><testcase classname="tests.test_e1_identity_block_boundary" name="test_F3_legacy_fallback_is_not_used_when_identity_file_exists" time="0.419" /><testcase classname="tests.test_e1_identity_block_boundary" name="test_G1_e1_validates_identity_before_the_atomic_write" time="0.461" /><testcase classname="tests.test_e1_identity_block_boundary" name="test_G2_e1_passes_the_identity_specific_cap_keyword" time="0.446" /><testcase classname="tests.test_e1_identity_block_boundary" name="test_G3_no_truncation_of_the_rejected_identity_candidate" time="0.414" /><testcase classname="tests.test_e1_identity_block_boundary" name="test_G4_read_path_validates_both_the_file_and_the_fallback" time="0.505" /><testcase classname="tests.test_e1_identity_block_boundary" name="test_G5_no_duplicate_validator_implementation" time="0.420" /><testcase classname="tests.test_e1_output_budget" name="test_bounded_situation_overview_cap_is_on_the_wire" time="0.420" /><testcase classname="tests.test_e1_output_budget" name="test_unbounded_call_still_sends_131072" time="0.415" /><testcase classname="tests.test_e1_output_budget" name="test_chat_signature_default_is_none" time="0.504" /><testcase classname="tests.test_e1_output_budget" name="test_direct_private_call_keeps_default" time="0.425" /><testcase classname="tests.test_e1_output_budget" name="test_openai_path_maps_budget_to_max_tokens" time="0.443" /><testcase classname="tests.test_e1_output_budget" name="test_openai_path_default_unchanged" time="0.426" /><testcase classname="tests.test_e1_output_budget" name="test_rejects_non_positive_budget[0]" time="0.431" /><testcase classname="tests.test_e1_output_budget" name="test_rejects_non_positive_budget[-1]" time="0.422" /><testcase classname="tests.test_e1_output_budget" name="test_rejects_non_positive_budget[-4096]" time="0.419" /><testcase classname="tests.test_e1_output_budget" name="test_rejects_absurd_budget" time="0.415" /><testcase classname="tests.test_e1_output_budget" name="test_rejects_non_int_budget[True]" time="0.419" /><testcase classname="tests.test_e1_output_budget" name="test_rejects_non_int_budget[False]" time="0.419" /><testcase classname="tests.test_e1_output_budget" name="test_rejects_non_int_budget[768.0]" time="0.417" /><testcase classname="tests.test_e1_output_budget" name="test_rejects_non_int_budget[768]" time="0.415" /><testcase classname="tests.test_e1_output_budget" name="test_rejects_non_int_budget[bad4]" time="0.425" /><testcase classname="tests.test_e1_output_budget" name="test_rejects_non_int_budget[bad5]" time="0.416" /><testcase classname="tests.test_e1_output_budget" name="test_accepts_none_and_valid_int" time="0.412" /><testcase classname="tests.test_e1_output_budget" name="test_bad_budget_fails_before_any_request" time="0.414" /><testcase classname="tests.test_e1_output_budget" name="test_e1_call_site_passes_the_budget_constant" time="0.458" /><testcase classname="tests.test_e1_output_budget" name="test_e1_budget_constant_is_small_and_matches_the_pin" time="0.417" /><testcase classname="tests.test_e1_output_budget" name="test_cap_fits_a_full_length_summary" time="0.417"><skipped type="pytest.skip" message="no offline tokenizer (tiktoken cl100k_base) available">C:\Users\servi\workspace\wt-a01-base\src\v3-core\tests\test_e1_output_budget.py:401: no offline tokenizer (tiktoken cl100k_base) available</skipped></testcase><testcase classname="tests.test_e1_topic_radar_contract" name="test_find_spec_resolves_topic_radar" time="0.418" /><testcase classname="tests.test_e1_topic_radar_contract" name="test_topic_radar_file_sits_next_to_e1" time="0.416" /><testcase classname="tests.test_e1_topic_radar_contract" name="test_radar_scan_is_callable_and_empty_report_for_pg_none" time="0.414" /><testcase classname="tests.test_e1_topic_radar_contract" name="test_e1_topic_radar_import_target_is_resolvable" time="0.413" /><testcase classname="tests.test_embed_chunks_contract" name="test_short_qa_keeps_exact_representation_without_tokenizer_io" time="0.412" /><testcase classname="tests.test_embed_chunks_contract" name="test_long_char_fallback_is_explicit_and_lossless" time="0.460" /><testcase classname="tests.test_embed_chunks_contract" name="test_aggregate_rejects_empty_and_zero_vectors" time="0.419" /><testcase classname="tests.test_embed_chunks_contract" name="test_long_without_tokenizer_fails_closed" time="2.567" /><testcase classname="tests.test_embedding_failure_resolution" name="test_sql_has_no_phase_predicate" time="0.435" /><testcase classname="tests.test_embedding_failure_resolution" name="test_sql_updates_lifecycle_columns_and_never_deletes" time="0.444" /><testcase classname="tests.test_embedding_failure_resolution" name="test_entity_scoped_sql_differs_from_phase_scoped_sql_only_by_phase" time="0.428" /><testcase classname="tests.test_embedding_failure_resolution" name="test_returns_rowcount_and_commits" time="0.430" /><testcase classname="tests.test_embedding_failure_resolution" name="test_zero_rows_resolved_returns_zero" time="0.421" /><testcase classname="tests.test_embedding_failure_resolution" name="test_entity_id_is_stringified_in_params" time="0.428" /><testcase classname="tests.test_embedding_failure_resolution" name="test_default_resolution_is_repaired" time="0.463" /><testcase classname="tests.test_embedding_failure_resolution" name="test_cursor_failure_rolls_back_returns_zero_and_never_raises" time="0.444" /><testcase classname="tests.test_embedding_failure_resolution" name="test_no_connection_returns_zero_without_raising" time="0.445" /><testcase classname="tests.test_embedding_failure_resolution" name="test_scenario_live_ingest_marker_is_closed_by_repair" time="0.580" /><testcase classname="tests.test_embedding_failure_resolution" name="test_scenario_j_import_marker_is_closed_by_repair" time="0.446" /><testcase classname="tests.test_embedding_failure_resolution" name="test_scenario_backfill_marker_is_closed_by_repair" time="0.426" /><testcase classname="tests.test_embedding_failure_resolution" name="test_scenario_all_three_phases_close_together" time="0.433" /><testcase classname="tests.test_embedding_failure_resolution" name="test_scenario_other_entity_and_other_table_are_never_touched" time="0.446" /><testcase classname="tests.test_embedding_failure_resolution" name="test_scenario_already_resolved_row_is_untouched" time="0.542" /><testcase classname="tests.test_embedding_policy_guard" name="test_every_call_embedding_site_chooses_a_budget" time="1.446" /><testcase classname="tests.test_embedding_policy_guard" name="test_durable_writes_do_not_use_the_realtime_policy" time="0.554" /><testcase classname="tests.test_embedding_policy_guard" name="test_policy_objects_are_ordered_sensibly" time="0.458" /><testcase classname="tests.test_embedding_policy_guard" name="test_realtime_allowlist_entries_actually_exist" time="0.452" /><testcase classname="tests.test_embedding_policy_guard" name="test_stream_primary_policy_is_shaped_5s_0" time="0.427" /><testcase classname="tests.test_embedding_policy_guard" name="test_durable_write_policy_stays_10s_2" time="0.446" /><testcase classname="tests.test_embedding_policy_guard" name="test_livebuffer_source_write_uses_stream_primary_policy" time="0.487" /><testcase classname="tests.test_embedding_policy_guard" name="test_realtime_paths_do_not_use_stream_primary" time="0.816" /><testcase classname="tests.test_embedding_write_reliability" name="test_t1_transient_timeout_then_success" time="1.466" /><testcase classname="tests.test_embedding_write_reliability" name="test_t1b_durable_policy_budget_is_not_the_realtime_default" time="0.423" /><testcase classname="tests.test_embedding_write_reliability" name="test_t2_retries_exhausted_records_durable_retryable_failure" time="3.446" /><testcase classname="tests.test_embedding_write_reliability" name="test_t2b_marker_write_failure_is_loud_not_silent" time="3.441" /><testcase classname="tests.test_embedding_write_reliability" name="test_t3_config_error_is_not_a_transient_null[cfg0]" time="0.491" /><testcase classname="tests.test_embedding_write_reliability" name="test_t3_config_error_is_not_a_transient_null[cfg1]" time="0.541" /><testcase classname="tests.test_embedding_write_reliability" name="test_t3_config_error_is_not_a_transient_null[cfg2]" time="0.457" /><testcase classname="tests.test_embedding_write_reliability" name="test_t3b_valueerror_still_propagates_for_callers_that_contract_on_it" time="0.456" /><testcase classname="tests.test_embedding_write_reliability" name="test_t4_auth_failure_is_not_retried[401]" time="0.446" /><testcase classname="tests.test_embedding_write_reliability" name="test_t4_auth_failure_is_not_retried[403]" time="0.473" /><testcase classname="tests.test_embedding_write_reliability" name="test_t4b_bad_request_is_not_retried_but_server_error_is" time="3.471" /><testcase classname="tests.test_embedding_write_reliability" name="test_t4c_classification_table" time="0.437" /><testcase classname="tests.test_embedding_write_reliability" name="test_t4d_json_decode_error_is_transient_not_config" time="0.452" /><testcase classname="tests.test_embedding_write_reliability" name="test_t5_realtime_policy_stays_short" time="0.451" /><testcase classname="tests.test_embedding_write_reliability" name="test_t5b_default_budget_is_realtime_not_durable" time="0.444" /><testcase classname="tests.test_embedding_write_reliability" name="test_t5c_realtime_failure_does_not_sleep_through_the_budget" time="0.450" /><testcase classname="tests.test_embedding_write_reliability" name="test_t5d_explicit_values_still_beat_the_policy" time="0.655" /><testcase classname="tests.test_embedding_write_reliability" name="test_marker_upsert_is_idempotent_per_entity_phase" time="0.601" /><testcase classname="tests.test_embedding_write_reliability" name="test_resolve_clears_the_marker_on_success" time="0.458" /><testcase classname="tests.test_embedding_write_reliability" name="test_empty_source_is_not_recorded_as_an_embedding_failure" time="0.537" /><testcase classname="tests.test_embedding_write_reliability" name="test_conn_factory_is_used_and_closed_when_no_conn_is_passed" time="3.442" /><testcase classname="tests.test_embedding_write_reliability" name="test_no_connection_available_is_reported_not_swallowed" time="3.426" /><testcase classname="tests.test_embedding_write_reliability" name="test_live_primary_policy_shape_and_durable_unchanged" time="0.453" /><testcase classname="tests.test_embedding_write_reliability" name="test_live_primary_failure_does_not_block_the_writer" time="0.425" /><testcase classname="tests.test_embedding_write_reliability" name="test_live_primary_covers_tail_but_stays_short" time="0.619" /><testcase classname="tests.test_first_run_install_contract" name="test_presets_has_siliconflow_and_custom" time="0.434" /><testcase classname="tests.test_first_run_install_contract" name="test_presets_siliconflow_shape" time="0.414" /><testcase classname="tests.test_first_run_install_contract" name="test_presets_custom_is_empty" time="0.429" /><testcase classname="tests.test_first_run_install_contract" name="test_redact_normal_value" time="0.428" /><testcase classname="tests.test_first_run_install_contract" name="test_redact_short_value" time="0.415" /><testcase classname="tests.test_first_run_install_contract" name="test_redact_empty_and_none" time="0.432" /><testcase classname="tests.test_first_run_install_contract" name="test_redact_does_not_leak_full_secret" time="0.472" /><testcase classname="tests.test_first_run_install_contract" name="test_write_profile_config_siliconflow" time="0.469" /><testcase classname="tests.test_first_run_install_contract" name="test_write_profile_config_custom_no_provider_blocks" time="0.455" /><testcase classname="tests.test_first_run_install_contract" name="test_write_profile_config_password_field_always_empty" time="0.484" /><testcase classname="tests.test_first_run_install_contract" name="test_write_profile_config_second_call_does_not_clobber" time="0.448" /><testcase classname="tests.test_first_run_install_contract" name="test_write_profile_config_overwrite_creates_backup" time="0.461" /><testcase classname="tests.test_first_run_install_contract" name="test_ensure_pgvector_container_docker_missing_has_actionable_message" time="0.462" /><testcase classname="tests.test_first_run_install_contract" name="test_ensure_pgvector_container_refuses_production_port" time="0.511" /><testcase classname="tests.test_first_run_install_contract" name="test_ensure_pgvector_container_empty_password_fails" time="0.486" /><testcase classname="tests.test_first_run_install_contract" name="test_run_install_returns_nonzero_when_docker_missing" time="0.445" /><testcase classname="tests.test_first_run_install_contract" name="test_wire_hermes_preserves_other_keys_and_backs_up" time="0.438" /><testcase classname="tests.test_first_run_install_contract" name="test_wire_hermes_idempotent_when_already_registered" time="0.439" /><testcase classname="tests.test_first_run_install_contract" name="test_wire_hermes_appends_block_when_missing" time="0.429" /><testcase classname="tests.test_first_run_install_contract" name="test_wire_hermes_missing_hermes_home" time="0.422" /><testcase classname="tests.test_first_run_install_contract" name="test_build_dsn_no_password_in_string" time="0.421" /><testcase classname="tests.test_first_run_install_contract" name="test_run_rejects_string_command" time="0.481" /><testcase classname="tests.test_first_run_install_contract" name="test_run_rejects_empty_command" time="0.439" /><testcase classname="tests.test_first_run_install_contract" name="test_reused_container_password_is_adopted" time="0.994" /><testcase classname="tests.test_g4_embed_empty_vs_partial_red.TestV3ConfigEmbedNoneDisabled" name="test_embed_section_present_returns_false" time="0.454" /><testcase classname="tests.test_g4_embed_empty_vs_partial_red.TestV3ConfigEmbedNoneDisabled" name="test_safe_embed_cfg_returns_none" time="0.449" /><testcase classname="tests.test_g4_embed_empty_vs_partial_red.TestV3ConfigEmbedNoneDisabled" name="test_build_embed_cfg_returns_disabled" time="0.433" /><testcase classname="tests.test_g4_embed_empty_vs_partial_red.TestLegacyDefaultEmptyEmbedDisabled" name="test_legacy_default_dict_storage_embed_section_not_present" time="0.432" /><testcase classname="tests.test_g4_embed_empty_vs_partial_red.TestLegacyDefaultEmptyEmbedDisabled" name="test_legacy_default_dict_storage_embed_safe_embed_cfg_none" time="0.432" /><testcase classname="tests.test_g4_embed_empty_vs_partial_red.TestLegacyDefaultEmptyEmbedDisabled" name="test_v3config_with_default_embedconfig_section_not_present" time="0.523" /><testcase classname="tests.test_g4_embed_empty_vs_partial_red.TestLegacyDefaultEmptyEmbedDisabled" name="test_v3config_with_default_embedconfig_safe_embed_cfg_none" time="0.415" /><testcase classname="tests.test_g4_embed_empty_vs_partial_red.TestLegacyDefaultEmptyEmbedDisabled" name="test_top_level_empty_embed_dict_disabled" time="0.410" /><testcase classname="tests.test_g4_embed_empty_vs_partial_red.TestExplicitPartialRaisesFailClosed" name="test_v3config_endpoint_only_raises" time="0.441" /><testcase classname="tests.test_g4_embed_empty_vs_partial_red.TestExplicitPartialRaisesFailClosed" name="test_dict_endpoint_only_raises" time="0.469" /><testcase classname="tests.test_g4_embed_empty_vs_partial_red.TestExplicitPartialRaisesFailClosed" name="test_dict_model_only_raises_endpoint_missing" time="0.474" /><testcase classname="tests.test_g4_embed_empty_vs_partial_red.TestExplicitPartialRaisesFailClosed" name="test_explicit_complete_endpoint_model_does_not_raise" time="0.434" /><testcase classname="tests.test_g4_embed_empty_vs_partial_red.TestCompleteConfigReturnsCfg" name="test_v3config_complete_returns_validated" time="0.482" /><testcase classname="tests.test_g4_embed_empty_vs_partial_red.TestCompleteConfigReturnsCfg" name="test_dict_complete_returns_validated" time="0.446" /><testcase classname="tests.test_g4_embed_empty_vs_partial_red.TestCompleteConfigReturnsCfg" name="test_top_level_embed_dict_complete" time="0.450" /><testcase classname="tests.test_g4_embed_empty_vs_partial_red.TestSafeEmbedCfgContractRegression" name="test_none_returns_none" time="0.430" /><testcase classname="tests.test_g4_embed_empty_vs_partial_red.TestSafeEmbedCfgContractRegression" name="test_empty_dict_returns_none" time="0.551" /><testcase classname="tests.test_g4_embed_empty_vs_partial_red.TestSafeEmbedCfgContractRegression" name="test_none_dict_no_embed_returns_none" time="0.429" /><testcase classname="tests.test_g4_embed_empty_vs_partial_red.TestProviderConfigSmokeNoNetwork" name="test_resolve_config_without_embed_yaml_returns_disabled" time="0.498" /><testcase classname="tests.test_harness_filesystem_isolation" name="test_guard_rejects_production_root" time="0.451" /><testcase classname="tests.test_harness_filesystem_isolation" name="test_guard_allows_temp_root" time="0.474" /><testcase classname="tests.test_harness_filesystem_isolation" name="test_omitted_data_path_resolves_to_production" time="0.444" /><testcase classname="tests.test_harness_filesystem_isolation" name="test_inherited_environment_profile_is_caught" time="0.509" /><testcase classname="tests.test_harness_filesystem_isolation" name="test_module_level_alias_is_patched" time="0.539" /><testcase classname="tests.test_harness_filesystem_isolation" name="test_fake_db_does_not_imply_fake_filesystem" time="0.540" /><testcase classname="tests.test_harness_filesystem_isolation" name="test_isolated_livebuffer_writes_no_production_marker" time="0.756" /><testcase classname="tests.test_harness_filesystem_isolation" name="test_tree_fingerprint_detects_add_and_remove" time="0.463" /><testcase classname="tests.test_harness_filesystem_isolation" name="test_escape_hatch_is_off_by_default" time="0.469" /><testcase classname="tests.test_harness_filesystem_isolation" name="test_tree_fingerprint_is_fast_on_a_large_tree" time="7.407" /><testcase classname="tests.test_harness_filesystem_isolation" name="test_tree_fingerprint_semantics_preserved" time="0.432" /><testcase classname="tests.test_http_status_truthiness" name="test_a_requests_response_bool_is_false_for_error_codes[401]" time="0.438" /><testcase classname="tests.test_http_status_truthiness" name="test_a_requests_response_bool_is_false_for_error_codes[402]" time="0.446" /><testcase classname="tests.test_http_status_truthiness" name="test_a_requests_response_bool_is_false_for_error_codes[429]" time="0.448" /><testcase classname="tests.test_http_status_truthiness" name="test_a_requests_response_bool_is_false_for_error_codes[500]" time="0.488" /><testcase classname="tests.test_http_status_truthiness" name="test_a_requests_response_bool_is_false_for_error_codes[503]" time="0.500" /><testcase classname="tests.test_http_status_truthiness" name="test_a_requests_response_bool_is_true_for_2xx" time="0.456" /><testcase classname="tests.test_http_status_truthiness" name="test_b_classify_status_returns_frozen_mapping[401-auth_failed]" time="0.486" /><testcase classname="tests.test_http_status_truthiness" name="test_b_classify_status_returns_frozen_mapping[402-quota_or_plan_limit]" time="0.506" /><testcase classname="tests.test_http_status_truthiness" name="test_b_classify_status_returns_frozen_mapping[429-rate_limited]" time="0.458" /><testcase classname="tests.test_http_status_truthiness" name="test_b_classify_status_returns_frozen_mapping[500-upstream_error]" time="0.477" /><testcase classname="tests.test_http_status_truthiness" name="test_b_classify_status_returns_frozen_mapping[503-upstream_unavailable]" time="0.451" /><testcase classname="tests.test_http_status_truthiness" name="test_b_classify_status_handles_none_and_unknown" time="0.461" /><testcase classname="tests.test_http_status_truthiness" name="test_b_llm_uses_is_not_none_not_truthiness" time="0.442" /><testcase classname="tests.test_http_status_truthiness" name="test_b_llm_truthiness_path_returns_0_when_response_is_none" time="0.499" /><testcase classname="tests.test_http_status_truthiness" name="test_c_5xx_enters_retry_branch[500]" time="0.467" /><testcase classname="tests.test_http_status_truthiness" name="test_c_5xx_enters_retry_branch[503]" time="0.462" /><testcase classname="tests.test_http_status_truthiness" name="test_c_4xx_does_not_retry[401]" time="0.437" /><testcase classname="tests.test_http_status_truthiness" name="test_c_4xx_does_not_retry[402]" time="0.435" /><testcase classname="tests.test_http_status_truthiness" name="test_c_4xx_does_not_retry[429]" time="0.432" /><testcase classname="tests.test_http_status_truthiness" name="test_c_old_truthiness_branch_would_miss_500" time="0.418" /><testcase classname="tests.test_importers_contract" name="test_four_importers_registered_with_known_capabilities" time="0.427" /><testcase classname="tests.test_importers_contract" name="test_get_importer_known_and_unknown" time="0.436" /><testcase classname="tests.test_importers_contract" name="test_hermes_discover_finds_state_db_and_jsonl" time="0.465" /><testcase classname="tests.test_importers_contract" name="test_hermes_parse_state_db_emits_raw_messages" time="0.469"><failure message="ValueError: hermes importer: no messages-like table in 'state.db' (tables=[])">E   ValueError: hermes importer: no messages-like table in 'state.db' (tables=[])</failure></testcase><testcase classname="tests.test_importers_contract" name="test_hermes_parse_jsonl_records_session_and_timestamps" time="0.475" /><testcase classname="tests.test_importers_contract" name="test_hermes_introspects_schema_when_column_names_diverge" time="0.469" /><testcase classname="tests.test_importers_contract" name="test_hermes_oldest_newest_computed_from_parsed_items" time="0.435"><failure message="ValueError: hermes importer: no messages-like table in 'state.db' (tables=[])">E   ValueError: hermes importer: no messages-like table in 'state.db' (tables=[])</failure></testcase><testcase classname="tests.test_importers_contract" name="test_memory_md_discover_finds_canonical_and_other" time="0.431" /><testcase classname="tests.test_importers_contract" name="test_memory_md_parse_yields_full_and_per_section" time="0.428" /><testcase classname="tests.test_importers_contract" name="test_memory_md_provenance_changes_when_file_content_changes" time="0.430" /><testcase classname="tests.test_importers_contract" name="test_framework_ready_importer_refuses_live_run" time="0.572" /><testcase classname="tests.test_importers_contract" name="test_framework_ready_importer_refuses_hindsight_live_run" time="0.433" /><testcase classname="tests.test_importers_contract" name="test_framework_ready_importer_dry_run_returns_clean_stats" time="0.414" /><testcase classname="tests.test_importers_contract" name="test_report_uses_thousands_separators_and_none_for_empty" time="0.432" /><testcase classname="tests.test_importers_contract" name="test_dry_run_writes_nothing_to_pool" time="0.445" /><testcase classname="tests.test_importers_contract" name="test_live_run_with_no_pool_surfaces_clear_error" time="0.434" /><testcase classname="tests.test_importers_contract" name="test_hermes_live_run_executes_dedupe_insert_for_each_item" time="0.433" /><testcase classname="tests.test_importers_contract" name="test_hermes_rerun_records_zero_new_rows" time="0.434"><failure message="assert 1 &gt;= 2&#10; +  where 1 = ImportStats(source_system='hermes', raw_messages=0, sessions=1, user_curated=0, legacy_derived=0, deduped=2, skipped=0...ures\\importers\\hermes\\state.db: ValueError(&quot;hermes importer: no messages-like table in \'state.db\' (tables=[])&quot;)']).sessions">E   assert 1 &gt;= 2
     +  where 1 = ImportStats(source_system='hermes', raw_messages=0, sessions=1, user_curated=0, legacy_derived=0, deduped=2, skipped=0...ures\\importers\\hermes\\state.db: ValueError("hermes importer: no messages-like table in \'state.db\' (tables=[])")']).sessions</failure></testcase><testcase classname="tests.test_importers_contract" name="test_limit_caps_parsed_items" time="0.483" /><testcase classname="tests.test_importers_contract" name="test_list_importers_includes_descriptions" time="0.429" /><testcase classname="tests.test_importers_contract" name="test_end_to_end_idempotency_on_real_pg" time="0.001"><skipped type="pytest.skip" message="no live disposable PG available (set env V3CORE_PG_DSN to a non-production DSN to run end-to-end idempotency proof)">C:\Users\servi\workspace\wt-a01-base\src\v3-core\tests\test_importers_contract.py:569: no live disposable PG available (set env V3CORE_PG_DSN to a non-production DSN to run end-to-end idempotency proof)</skipped></testcase><testcase classname="tests.test_importers_contract" name="test_no_live_pg_sql_assertion_replaces_idempotency_proof" time="0.444" /><testcase classname="tests.test_install_smoke_config_resolution_contract" name="test_install_smoke_uses_canonical_config_resolution_for_env_refs" time="0.433" /><testcase classname="tests.test_long_observation_red" name="test_red1_10965_token_equivalent_takes_safe_chunked_path" time="0.450" /><testcase classname="tests.test_long_observation_red" name="test_red2_20k_source_is_lossless_and_contiguous" time="0.437" /><testcase classname="tests.test_long_observation_red" name="test_red3_tail_child_maps_to_full_parent_and_dedupes" time="0.428" /><testcase classname="tests.test_long_observation_red" name="test_red4_partial_child_failure_has_no_parent" time="0.426" /><testcase classname="tests.test_long_observation_red" name="test_red5_stale_child_index_is_scoped_to_parent" time="0.419" /><testcase classname="tests.test_long_observation_red" name="test_short_path_is_full_content_and_has_no_children" time="0.419" /><testcase classname="tests.test_long_observation_red" name="test_exact_target_and_target_plus_one_are_deterministic" time="0.424" /><testcase classname="tests.test_long_observation_red" name="test_unicode_offsets_and_source_hash_are_exact" time="0.425" /><testcase classname="tests.test_long_observation_red" name="test_empty_and_whitespace_plans_are_safe" time="0.421" /><testcase classname="tests.test_long_observation_red" name="test_source_mutation_is_rejected_before_derived_write" time="0.420" /><testcase classname="tests.test_long_observation_red" name="test_representation_version_drift_is_rejected" time="0.419" /><testcase classname="tests.test_long_observation_writer_recall" name="test_short_path_single_vector_no_sidecar" time="0.419" /><testcase classname="tests.test_long_observation_writer_recall" name="test_short_path_absent_sidecar_parent_only" time="0.425" /><testcase classname="tests.test_long_observation_writer_recall" name="test_long_path_children_parent_one_transaction" time="0.421" /><testcase classname="tests.test_long_observation_writer_recall" name="test_long_partial_child_failure_no_parent_vector" time="0.417" /><testcase classname="tests.test_long_observation_writer_recall" name="test_long_sidecar_tx_failure_preserves_source" time="0.422" /><testcase classname="tests.test_long_observation_writer_recall" name="test_long_absent_sidecar_table_legacy_fallback" time="0.422" /><testcase classname="tests.test_long_observation_writer_recall" name="test_ledger_commit_false_joins_caller_transaction" time="0.423" /><testcase classname="tests.test_long_observation_writer_recall" name="test_ledger_commit_false_without_conn_records_nothing" time="0.419" /><testcase classname="tests.test_long_observation_writer_recall" name="test_fetch_child_candidates_absent_table_returns_empty" time="0.524" /><testcase classname="tests.test_long_observation_writer_recall" name="test_fetch_child_candidates_undefined_table_returns_empty" time="0.434" /><testcase classname="tests.test_long_observation_writer_recall" name="test_fetch_child_candidates_present_passes_vector_params" time="0.428" /><testcase classname="tests.test_long_observation_writer_recall" name="test_merge_child_hit_maps_to_full_parent_max_score" time="0.423" /><testcase classname="tests.test_long_observation_writer_recall" name="test_merge_stale_sha_and_version_children_excluded" time="0.421" /><testcase classname="tests.test_long_observation_writer_recall" name="test_merge_sibling_children_dedupe_to_one_parent" time="0.426" /><testcase classname="tests.test_long_observation_writer_recall" name="test_merge_newest_per_day_and_floor" time="0.419" /><testcase classname="tests.test_long_observation_writer_recall" name="test_merge_parent_only_parity_without_sidecar" time="0.421" /><testcase classname="tests.test_observation_chunks_contract" name="test_short_below_threshold_preserves_exact_content_and_no_children" time="0.428" /><testcase classname="tests.test_observation_chunks_contract" name="test_exact_safe_threshold_is_short" time="0.426" /><testcase classname="tests.test_observation_chunks_contract" name="test_threshold_plus_one_is_long_and_safe" time="0.435" /><testcase classname="tests.test_observation_chunks_contract" name="test_10965_token_source_is_chunked_not_truncated" time="0.421" /><testcase classname="tests.test_observation_chunks_contract" name="test_20k_source_is_lossless" time="0.428" /><testcase classname="tests.test_observation_chunks_contract" name="test_chinese_text_coverage_and_unicode_offsets" time="0.430" /><testcase classname="tests.test_observation_chunks_contract" name="test_english_text_coverage" time="0.465" /><testcase classname="tests.test_observation_chunks_contract" name="test_mixed_unicode_and_whitespace_are_preserved" time="0.461" /><testcase classname="tests.test_observation_chunks_contract" name="test_empty_and_whitespace_sources_are_safe_to_plan" time="0.421" /><testcase classname="tests.test_observation_chunks_contract" name="test_child_count_is_deterministic" time="0.447" /><testcase classname="tests.test_observation_chunks_contract" name="test_offsets_are_contiguous_and_span_hashes_validate" time="0.436" /><testcase classname="tests.test_observation_chunks_contract" name="test_source_hash_drift_is_rejected" time="0.431" /><testcase classname="tests.test_observation_chunks_contract" name="test_gap_or_overlap_is_rejected" time="0.431" /><testcase classname="tests.test_observation_chunks_contract" name="test_representation_version_is_persisted" time="0.429" /><testcase classname="tests.test_observation_chunks_contract" name="test_parent_aggregation_requires_all_children" time="0.428" /><testcase classname="tests.test_observation_chunks_contract" name="test_partial_child_failure_never_returns_parent" time="0.440" /><testcase classname="tests.test_observation_chunks_contract" name="test_retry_after_child_failure_can_succeed" time="0.431" /><testcase classname="tests.test_observation_chunks_contract" name="test_idempotent_plan_rebuild_has_same_source_identity" time="0.435" /><testcase classname="tests.test_observation_chunks_contract" name="test_recall_child_hit_returns_full_parent_and_max_score" time="0.423" /><testcase classname="tests.test_observation_chunks_contract" name="test_duplicate_parent_candidates_dedupe_once" time="0.423" /><testcase classname="tests.test_observation_chunks_contract" name="test_provider_dimension_is_preserved_by_aggregation" time="0.434" /><testcase classname="tests.test_observation_chunks_contract" name="test_zero_child_vector_is_fail_closed" time="0.429" /><testcase classname="tests.test_observation_chunks_contract" name="test_unknown_tokenizer_is_fail_closed_for_long_source" time="0.422" /><testcase classname="tests.test_observation_writer_contract" name="test_planner_error_fails_closed_without_bare_full_content_request" time="0.422" /><testcase classname="tests.test_observation_writer_contract" name="test_parent_merge_uses_max_child_score_and_full_parent" time="0.422" /><testcase classname="tests.test_pgvector_probe_retry_contract" name="test_pgvector_probe_retries_transient_socket_not_ready" time="0.419" /><testcase classname="tests.test_pgvector_probe_retry_contract" name="test_pgvector_probe_does_not_retry_authentication_failure" time="0.423" /><testcase classname="tests.test_prefetch_isolation_contract" name="test_prefetch_rejects_postgres_config_without_matching_pg_handle" time="0.422" /><testcase classname="tests.test_production_upgrade_contract" name="test_prod_apply_without_any_confirmation_refused" time="0.422" /><testcase classname="tests.test_production_upgrade_contract" name="test_prod_apply_write_flag_without_plan_sha_refused" time="0.419" /><testcase classname="tests.test_production_upgrade_contract" name="test_prod_apply_plan_sha_without_write_flag_refused" time="0.421" /><testcase classname="tests.test_production_upgrade_contract" name="test_prod_apply_wrong_plan_sha_refused" time="0.436" /><testcase classname="tests.test_production_upgrade_contract" name="test_plan_target_binding_disposable_cannot_authorize_production" time="0.474" /><testcase classname="tests.test_production_upgrade_contract" name="test_sql_artifact_change_changes_plan_sha" time="0.447" /><testcase classname="tests.test_production_upgrade_contract" name="test_live_schema_change_changes_plan_sha" time="0.452" /><testcase classname="tests.test_production_upgrade_contract" name="test_dry_run_produces_zero_ddl" time="0.581" /><testcase classname="tests.test_production_upgrade_contract" name="test_production_dry_run_emits_exact_plan_and_sha" time="0.433" /><testcase classname="tests.test_production_upgrade_contract" name="test_destructive_sql_injection_refused" time="0.458" /><testcase classname="tests.test_production_upgrade_contract" name="test_second_confirmed_apply_is_supported" time="0.443" /><testcase classname="tests.test_production_upgrade_contract" name="test_secret_scan_plan_and_outputs_have_no_credentials" time="0.471" /><testcase classname="tests.test_production_upgrade_contract" name="test_is_production_boundary_matches_enforce" time="0.428" /><testcase classname="tests.test_production_upgrade_contract" name="test_plan_sha_is_deterministic" time="0.442" /><testcase classname="tests.test_production_upgrade_contract" name="test_plan_out_and_show_sql_expose_exact_sql" time="0.436" /><testcase classname="tests.test_production_upgrade_contract" name="test_resolve_pairing_and_read_flag_semantics" time="0.433" /><testcase classname="tests.test_qa_failure_accounting" name="test_failure_classes_are_durable_and_restart_visible[error0-embedding-provider_401-False]" time="0.440" /><testcase classname="tests.test_qa_failure_accounting" name="test_failure_classes_are_durable
[...]
lready_exceeded_deadline_raises_and_no_retry" time="0.423" /><testcase classname="tests.test_recall_v2_differential.TestCharBudgetTruncation" name="test_char_budget_truncation_parity" time="0.456" /><testcase classname="tests.test_recall_v2_differential.TestEffectiveLimit" name="test_effective_limit_agrees" time="0.420" /><testcase classname="tests.test_recall_v2_differential.TestPgFailParity" name="test_pg_fail_false_when_pg_none" time="0.427" /><testcase classname="tests.test_recall_v2_engine.TestSingleCallInvariant" name="test_single_call_on_success" time="0.422" /><testcase classname="tests.test_recall_v2_engine.TestKwargsPassthrough" name="test_passes_limit_max_chars_config_pg_q_emb" time="0.423" /><testcase classname="tests.test_recall_v2_engine.TestKwargsPassthrough" name="test_max_chars_forwarded_when_callable_declares_it" time="0.420" /><testcase classname="tests.test_recall_v2_engine.TestKwargsPassthrough" name="test_max_chars_not_forwarded_via_kwargs_grab_strict" time="0.421" /><testcase classname="tests.test_recall_v2_engine.TestKwargsPassthrough" name="test_deadline_object_is_the_very_same_instance" time="0.421" /><testcase classname="tests.test_recall_v2_engine.TestKwargsPassthrough" name="test_deadline_none_passes_through" time="0.422" /><testcase classname="tests.test_recall_v2_engine.TestKwargsPassthrough" name="test_default_limit_and_max_chars" time="0.421" /><testcase classname="tests.test_recall_v2_engine.TestKwargsPassthrough" name="test_r1_kwargs_only_wrapper_delegating_to_recall_pool" time="0.421" /><testcase classname="tests.test_recall_v2_engine.TestKwargsPassthrough" name="test_r2_callable_with_explicit_max_chars_still_receives_it" time="0.422" /><testcase classname="tests.test_recall_v2_engine.TestKwargsPassthrough" name="test_r3_narrow_signature_does_not_receive_max_chars" time="0.419" /><testcase classname="tests.test_recall_v2_engine.TestKwargsPassthrough" name="test_r4a_typeerror_with_trace_message_does_not_retry" time="0.419" /><testcase classname="tests.test_recall_v2_engine.TestKwargsPassthrough" name="test_r4b_typeerror_with_max_chars_message_does_not_retry" time="0.424" /><testcase classname="tests.test_recall_v2_engine.TestKwargsPassthrough" name="test_r4c_unrelated_typeerror_propagates_without_retry" time="0.424" /><testcase classname="tests.test_recall_v2_engine.TestKwargsPassthrough" name="test_r5_deadline_identity_through_kwargs_wrapper" time="0.421" /><testcase classname="tests.test_recall_v2_engine.TestTraceAttached" name="test_recall_trace_carries_lane_timing_and_candidate_snapshots" time="0.420" /><testcase classname="tests.test_recall_v2_engine.TestTraceAttached" name="test_provenance_for_two_lanes" time="0.421" /><testcase classname="tests.test_recall_v2_engine.TestPreExecutionFallback" name="test_build_query_context_failure_falls_back_once" time="0.423" /><testcase classname="tests.test_recall_v2_engine.TestPreExecutionFallback" name="test_build_default_query_plan_failure_falls_back_once" time="0.419" /><testcase classname="tests.test_recall_v2_engine.TestPreExecutionFallback" name="test_trace_constructor_failure_falls_back_once" time="0.419" /><testcase classname="tests.test_recall_v2_engine.TestNoRetryOnRetrievalRaise" name="test_propagates_PrefetchDeadlineExceeded_no_retry" time="0.422" /><testcase classname="tests.test_recall_v2_engine.TestNoRetryOnRetrievalRaise" name="test_propagates_arbitrary_exception_no_retry" time="0.419" /><testcase classname="tests.test_recall_v2_engine.TestSignatureAdaptive" name="test_fake_that_rejects_trace_kwarg" time="0.419" /><testcase classname="tests.test_recall_v2_engine.TestSignatureAdaptive" name="test_callable_without_trace_param_does_not_fail" time="0.456" /><testcase classname="tests.test_recall_v2_engine.TestG6BSliceGNoPostIORetry" name="test_a3_unsupported_keyword_dropped_by_preflight" time="0.464" /><testcase classname="tests.test_recall_v2_engine.TestG6BSliceGNoPostIORetry" name="test_a4_real_recall_pool_receives_trace_exactly_once" time="0.442" /><testcase classname="tests.test_recall_v2_engine.TestG6BSliceGNoPostIORetry" name="test_a5_kwargs_only_wrapper_delegating_to_real_recall_pool" time="0.446" /><testcase classname="tests.test_recall_v2_engine.TestG6BSliceGSinkPreferTraceMethods" name="test_warn_uses_trace_warn_method_when_present" time="0.421" /><testcase classname="tests.test_recall_v2_engine.TestG6BSliceGSinkPreferTraceMethods" name="test_error_uses_trace_error_method_when_present" time="0.424" /><testcase classname="tests.test_recall_v2_engine.TestG6BSliceGSinkPreferTraceMethods" name="test_warn_falls_back_to_direct_append_when_method_absent" time="0.427" /><testcase classname="tests.test_recall_v2_engine.TestG6BSliceGSinkPreferTraceMethods" name="test_error_falls_back_to_direct_append_when_method_absent" time="0.418" /><testcase classname="tests.test_recall_v2_engine.TestG6BSliceGSinkPreferTraceMethods" name="test_warn_caps_at_300_chars" time="0.414" /><testcase classname="tests.test_recall_v2_engine.TestG6BSliceGSinkPreferTraceMethods" name="test_error_caps_at_300_chars" time="0.432" /><testcase classname="tests.test_recall_v2_engine.TestG6BSliceGSinkPreferTraceMethods" name="test_warn_swallows_trace_brokenness" time="0.418" /><testcase classname="tests.test_recall_v2_engine.TestG6BSliceGSinkPreferTraceMethods" name="test_warn_empty_or_falsy_text_does_nothing" time="0.424" /><testcase classname="tests.test_recall_v2_engine.TestG6BSliceGSinkPreferTraceMethods" name="test_error_empty_or_falsy_text_does_nothing" time="0.411" /><testcase classname="tests.test_recall_v2_engine.TestHitConversion" name="test_only_real_scores_mapped" time="0.423" /><testcase classname="tests.test_recall_v2_engine.TestHitConversion" name="test_cosine_zero_means_no_raw_score" time="0.417" /><testcase classname="tests.test_recall_v2_engine.TestHitConversion" name="test_rrf_zero_means_no_fusion_score" time="0.414" /><testcase classname="tests.test_recall_v2_engine.TestHitConversion" name="test_content_omitted_by_default" time="0.416" /><testcase classname="tests.test_recall_v2_engine.TestHitConversion" name="test_content_captured_when_requested" time="0.419" /><testcase classname="tests.test_recall_v2_engine.TestHitConversion" name="test_text_reference_is_source_id" time="0.420" /><testcase classname="tests.test_recall_v2_engine.TestHitConversion" name="test_invalid_iso_timestamp_kept_none" time="0.419" /><testcase classname="tests.test_recall_v2_engine.TestHitConversion" name="test_valid_iso_timestamp_parsed" time="0.416" /><testcase classname="tests.test_recall_v2_engine.TestHitConversion" name="test_extra_lanes_record_provenance" time="0.419" /><testcase classname="tests.test_recall_v2_engine.TestPrivacy" name="test_default_to_json_no_query_text" time="0.415" /><testcase classname="tests.test_recall_v2_engine.TestPrivacy" name="test_default_to_json_no_candidate_content" time="0.417" /><testcase classname="tests.test_recall_v2_engine.TestLaneForKind" name="test_known_kinds" time="0.416" /><testcase classname="tests.test_recall_v2_engine.TestLaneForKind" name="test_unknown_kind" time="0.426" /><testcase classname="tests.test_recall_v2_engine.TestBuildQueryContext" name="test_query_id_deterministic" time="0.421" /><testcase classname="tests.test_recall_v2_engine.TestBuildQueryContext" name="test_query_id_changes_with_inputs" time="0.423" /><testcase classname="tests.test_recall_v2_engine.TestBuildQueryContext" name="test_deadline_passed_through" time="0.421" /><testcase classname="tests.test_recall_v2_engine.TestBuildQueryContext" name="test_deadline_none_uses_internal_budget" time="0.426" /><testcase classname="tests.test_recall_v2_engine.TestBuildQueryContext" name="test_defaults" time="0.430" /><testcase classname="tests.test_recall_v2_engine.TestResultShape" name="test_result_fields_present" time="0.423" /><testcase classname="tests.test_recall_v2_engine.TestSnapshotProvenanceMultiLane" name="test_two_lanes_one_id_records_both_lanes" time="0.426" /><testcase classname="tests.test_recall_v2_engine.TestSnapshotProvenanceMultiLane" name="test_single_lane_id_has_one_provenance_entry" time="0.422" /><testcase classname="tests.test_recall_v2_engine.TestSnapshotProvenanceMultiLane" name="test_same_lane_twice_does_not_duplicate_provenance" time="0.423" /><testcase classname="tests.test_recall_v2_engine.TestSnapshotProvenanceMultiLane" name="test_three_lanes_one_id_records_all_three" time="0.419" /><testcase classname="tests.test_recall_v2_engine.TestExplicitLaneAlwaysFinishes" name="test_explicit_lane_finishes_with_skipped_when_no_reader" time="0.420" /><testcase classname="tests.test_recall_v2_engine.TestExplicitLaneAlwaysFinishes" name="test_explicit_lane_finishes_when_both_seams_disabled" time="0.425" /><testcase classname="tests.test_recall_v2_engine.TestLegacySink" name="test_sink_methods_all_silently_swallow_errors" time="0.418" /><testcase classname="tests.test_recall_v2_facade_parity.TestKeywordDominant" name="test_keyword_heavy_parity" time="0.428" /><testcase classname="tests.test_recall_v2_facade_parity.TestVectorDominant" name="test_vector_heavy_parity" time="0.426" /><testcase classname="tests.test_recall_v2_facade_parity.TestQAExact" name="test_qa_exact_parity" time="0.430" /><testcase classname="tests.test_recall_v2_facade_parity.TestQAVectorOnly" name="test_qa_vector_only_parity" time="0.427" /><testcase classname="tests.test_recall_v2_facade_parity.TestTopic" name="test_topic_parity" time="0.619" /><testcase classname="tests.test_recall_v2_facade_parity.TestExplicitMemory" name="test_explicit_memory_parity" time="0.576" /><testcase classname="tests.test_recall_v2_facade_parity.TestMultiLaneDuplicate" name="test_multi_lane_duplicate_parity" time="0.431" /><testcase classname="tests.test_recall_v2_facade_parity.TestRerankEnabled" name="test_rerank_enabled_parity" time="0.482" /><testcase classname="tests.test_recall_v2_facade_parity.TestRerankLowBudgetSkip" name="test_rerank_low_budget_skip_parity" time="0.427" /><testcase classname="tests.test_recall_v2_facade_parity.TestEmptyResult" name="test_empty_parity" time="0.428" /><testcase classname="tests.test_recall_v2_facade_parity.TestLaneDegradation" name="test_lane_degradation_parity" time="0.426" /><testcase classname="tests.test_recall_v2_facade_parity.TestExpiredDeadline" name="test_expired_deadline_raises" time="0.417" /><testcase classname="tests.test_recall_v2_facade_parity.TestCharBudgetTruncation" name="test_char_budget_truncation_parity" time="0.425" /><testcase classname="tests.test_recall_v2_facade_parity.TestLimits" name="test_limits[1]" time="0.425" /><testcase classname="tests.test_recall_v2_facade_parity.TestLimits" name="test_limits[5]" time="0.424" /><testcase classname="tests.test_recall_v2_facade_parity.TestLimits" name="test_limits[10]" time="0.421" /><testcase classname="tests.test_recall_v2_facade_parity.TestExactlyOnceGate" name="test_facade_invokes_recall_pool_exactly_once" time="0.421" /><testcase classname="tests.test_recall_v2_facade_parity.TestExactlyOnceGate" name="test_no_fallback_after_retrieval_starts" time="0.424" /><testcase classname="tests.test_recall_v2_facade_parity.TestExactlyOnceGate" name="test_no_extra_seam_activity_relative_to_legacy" time="0.427" /><testcase classname="tests.test_recall_v2_facade_parity.TestQueryPlanReality" name="test_effective_plan_matches_facade_flags" time="0.423" /><testcase classname="tests.test_recall_v2_facade_parity.TestEffectivePlanRerankEnabled" name="test_rerank_enabled_true_when_endpoint_and_top_n" time="0.414" /><testcase classname="tests.test_recall_v2_facade_parity.TestEffectivePlanRerankEnabled" name="test_rerank_enabled_false_when_no_endpoint" time="0.417" /><testcase classname="tests.test_recall_v2_facade_parity.TestEffectivePlanRerankEnabled" name="test_rerank_enabled_false_when_rerank_cfg_is_none" time="0.423" /><testcase classname="tests.test_recall_v2_facade_parity.TestEffectivePlanRerankEnabled" name="test_rerank_enabled_false_when_top_n_disabled" time="0.420" /><testcase classname="tests.test_recall_v2_facade_parity.TestEffectivePlanRerankEnabled" name="test_runtime_low_budget_skip_keeps_plan_rerank_enabled_true" time="0.414" /><testcase classname="tests.test_recall_v2_facade_parity.TestEffectivePlanRerankEnabled" name="test_build_default_query_plan_unchanged_by_new_rerank_inputs" time="0.419" /><testcase classname="tests.test_recall_v2_facade_parity.TestEnginePassesRerankIntoEffectivePlan" name="test_engine_forwards_rerank_cfg_and_top_n_to_effective_builder" time="0.419" /><testcase classname="tests.test_recall_v2_facade_parity.TestTraceLifecycle" name="test_one_trace_per_request_carries_retrieval_and_injection" time="0.428" /><testcase classname="tests.test_recall_v2_facade_parity.TestTraceLifecycle" name="test_no_trace_persistence" time="0.425" /><testcase classname="tests.test_recall_v2_injection_trace.TestInjectionStageTrace" name="test_budget_skipped_ids_record_char_budget_drop_on_trace" time="0.430" /><testcase classname="tests.test_recall_v2_injection_trace.TestRecordDropCharBudgetTruthBoundary" name="test_first_char_budget_drop_creates_summary_with_zero_injected" time="0.419" /><testcase classname="tests.test_recall_v2_injection_trace.TestRecordDropCharBudgetTruthBoundary" name="test_each_unique_budget_drop_increments_summary" time="0.415" /><testcase classname="tests.test_recall_v2_injection_trace.TestRecordDropCharBudgetTruthBoundary" name="test_same_budget_drop_is_not_double_counted" time="0.430" /><testcase classname="tests.test_recall_v2_injection_trace.TestRecordDropCharBudgetTruthBoundary" name="test_non_char_budget_drops_do_not_bump_dropped_for_budget" time="0.423" /><testcase classname="tests.test_recall_v2_injection_trace.TestRecordDropCharBudgetTruthBoundary" name="test_inject_then_budget_drop_keeps_injected_count_and_adds_drop" time="0.442" /><testcase classname="tests.test_recall_v2_injection_trace.TestRecordDropCharBudgetTruthBoundary" name="test_all_budget_dropped_zero_injected_full_closure" time="0.428" /><testcase classname="tests.test_recall_v2_injection_trace.TestRecordDropCharBudgetTruthBoundary" name="test_many_selected_all_dropped_zero_injected_closure" time="0.418" /><testcase classname="tests.test_recall_v2_injection_trace.TestRecordDropCharBudgetTruthBoundary" name="test_all_selected_all_injected_no_budget_drop" time="0.422" /><testcase classname="tests.test_recall_v2_integration.TestRealCallableIntegration" name="test_engine_wraps_real_recall_pool_without_typeerror" time="0.420" /><testcase classname="tests.test_recall_v2_integration.TestProbeReality" name="test_trace_records_real_lane_summaries" time="0.422" /><testcase classname="tests.test_recall_v2_integration.TestProbeReality" name="test_no_candidate_snapshot_for_unrecorded_ids" time="0.436" /><testcase classname="tests.test_recall_v2_integration.TestTraceNoneByteIdentity" name="test_legacy_sink_does_not_change_hit_list" time="0.421" /><testcase classname="tests.test_recall_v2_integration.TestNoDoubleIO" name="test_engine_calls_recall_pool_exactly_once" time="0.419" /><testcase classname="tests.test_recall_v2_integration.TestNoDoubleIO" name="test_engine_does_not_invoke_extra_helpers" time="0.417" /><testcase classname="tests.test_recall_v2_integration.TestNewStagesReachable" name="test_new_stages_reachable_with_real_recall_pool" time="0.422" /><testcase classname="tests.test_recall_v2_integration.TestProbeNoneNoAttrLookup" name="test_probe_with_trace_none_does_not_touch_attr" time="0.422" /><testcase classname="tests.test_recall_v2_integration.TestPrivacyViaRealTrace" name="test_default_to_json_no_query_text_no_hit_body" time="0.452" /><testcase classname="tests.test_recall_v2_integration.TestDeadline" name="test_real_deadline_forwarded_verbatim_and_enforced_true" time="0.418" /><testcase classname="tests.test_recall_v2_integration.TestDeadline" name="test_deadline_none_not_enforced" time="0.423" /><testcase classname="tests.test_recall_v2_integration.TestMaxCharsAdaptivity" name="test_fake_without_max_chars_param_is_called_successfully" time="0.422" /><testcase classname="tests.test_recall_v2_integration.TestCallCountParity" name="test_engine_calls_injected_recall_exactly_once" time="0.418" /><testcase classname="tests.test_recall_v2_integration.TestCallCountParity" name="test_engine_call_count_equals_bare_legacy_call_count" time="0.419" /><testcase classname="tests.test_recall_v2_integration.TestTracePrivacy" name="test_default_to_json_omits_query_text_and_body" time="0.420" /><testcase classname="tests.test_recall_v2_integration.TestTracePrivacy" name="test_default_to_json_omits_nested_metadata_content_like_keys" time="0.420" /><testcase classname="tests.test_recall_v2_integration.TestTracePrivacy" name="test_trace_not_persisted_to_disk_or_db" time="0.416" /><testcase classname="tests.test_recall_v2_integration.TestTracePrivacy" name="test_no_db_write_via_recall_trace" time="0.417" /><testcase classname="tests.test_recall_v2_integration.TestTraceDisabledOverhead" name="test_trace_disabled_engine_does_not_construct_recall_trace" time="0.423" /><testcase classname="tests.test_recall_v2_integration.TestTraceDisabledOverhead" name="test_trace_disabled_does_not_call_probe_sink_methods" time="0.414" /><testcase classname="tests.test_recall_v2_integration.TestTraceDisabledOverhead" name="test_trace_disabled_median_overhead_under_50ms" time="0.426" /><testcase classname="tests.test_recall_v2_qa_provenance.TestQAVectorOnlyProvenance" name="test_qa_vector_only_records_qa_lane_provenance" time="0.425" /><testcase classname="tests.test_source_ingest_contract" name="test_normal_import_pair_over_24k_is_preserved_for_derived_chunking" time="0.422" /><testcase classname="tests.test_source_ingest_contract" name="test_import_noise_and_tool_only_rules_remain" time="0.419" /><testcase classname="tests.test_topic_radar" name="test_zero_topics_returns_empty_report" time="0.419" /><testcase classname="tests.test_topic_radar" name="test_one_topic_returns_empty_report" time="0.430" /><testcase classname="tests.test_topic_radar" name="test_duplicate_pair_above_threshold" time="0.426" /><testcase classname="tests.test_topic_radar" name="test_related_pair_between_thresholds" time="0.482" /><testcase classname="tests.test_topic_radar" name="test_unrelated_pair_below_threshold" time="0.434" /><testcase classname="tests.test_topic_radar" name="test_lists_sorted_by_cosine_descending" time="0.423" /><testcase classname="tests.test_topic_radar" name="test_max_dups_bound_truncates_list_but_keeps_total" time="0.430" /><testcase classname="tests.test_topic_radar" name="test_max_rels_bound_truncates_list_but_keeps_total" time="0.418" /><testcase classname="tests.test_topic_radar" name="test_malformed_data_is_ignored_safely" time="0.424" /><testcase classname="tests.test_topic_radar" name="test_db_read_failure_fails_safely" time="0.425" /><testcase classname="tests.test_topic_radar" name="test_no_writes_issued" time="0.420" /><testcase classname="tests.test_topic_radar" name="test_module_source_contains_no_private_path" time="0.418" /><testcase classname="tests.test_topic_radar" name="test_pg_none_is_safe" time="0.421" /><testcase classname="tests.test_topic_radar" name="test_pg_lease_with_connect_callable_is_used" time="0.426" /><testcase classname="tests.test_topic_radar" name="test_titles_are_truncated_to_title_max_chars" time="0.419" /><testcase classname="tests.test_v02_embedding_index_contract" name="test_upgrade_combines_sidecar_before_commit" time="0.420" /><testcase classname="tests.test_v02_embedding_index_contract" name="test_runtime_provenance_reports_path_and_config_without_secrets" time="0.425" /><testcase classname="tests.test_v02_embedding_index_contract" name="test_source_ingest_does_not_drop_normal_user_assistant_messages_for_provider_limits" time="0.424" /><testcase classname="tests.test_v02_embedding_index_contract" name="test_fresh_bootstrap_reaches_the_current_schema_level" time="0.419" /></testsuite></testsuites>